<!DOCTYPE html>
<html>
  <head>
    <meta charset="utf-8"/>
    <title id="head-title">test-report-edge.html</title>
      <style type="text/css">body {
  font-family: Helvetica, Arial, sans-serif;
  font-size: 12px;
  /* do not increase min-width as some may use split screens */
  min-width: 800px;
  color: #999;
}

h1 {
  font-size: 24px;
  color: black;
}

h2 {
  font-size: 16px;
  color: black;
}

p {
  color: black;
}

a {
  color: #999;
}

table {
  border-collapse: collapse;
}

/******************************
 * SUMMARY INFORMATION
 ******************************/
#environment td {
  padding: 5px;
  border: 1px solid #e6e6e6;
  vertical-align: top;
}
#environment tr:nth-child(odd) {
  background-color: #f6f6f6;
}
#environment ul {
  margin: 0;
  padding: 0 20px;
}

/******************************
 * TEST RESULT COLORS
 ******************************/
span.passed,
.passed .col-result {
  color: green;
}

span.skipped,
span.xfailed,
span.rerun,
.skipped .col-result,
.xfailed .col-result,
.rerun .col-result {
  color: orange;
}

span.error,
span.failed,
span.xpassed,
.error .col-result,
.failed .col-result,
.xpassed .col-result {
  color: red;
}

.col-links__extra {
  margin-right: 3px;
}

/******************************
 * RESULTS TABLE
 *
 * 1. Table Layout
 * 2. Extra
 * 3. Sorting items
 *
 ******************************/
/*------------------
 * 1. Table Layout
 *------------------*/
#results-table {
  border: 1px solid #e6e6e6;
  color: #999;
  font-size: 12px;
  width: 100%;
}
#results-table th,
#results-table td {
  padding: 5px;
  border: 1px solid #e6e6e6;
  text-align: left;
}
#results-table th {
  font-weight: bold;
}

/*------------------
 * 2. Extra
 *------------------*/
.logwrapper {
  max-height: 230px;
  overflow-y: scroll;
  background-color: #e6e6e6;
}
.logwrapper.expanded {
  max-height: none;
}
.logwrapper.expanded .logexpander:after {
  content: "collapse [-]";
}
.logwrapper .logexpander {
  z-index: 1;
  position: sticky;
  top: 10px;
  width: max-content;
  border: 1px solid;
  border-radius: 3px;
  padding: 5px 7px;
  margin: 10px 0 10px calc(100% - 80px);
  cursor: pointer;
  background-color: #e6e6e6;
}
.logwrapper .logexpander:after {
  content: "expand [+]";
}
.logwrapper .logexpander:hover {
  color: #000;
  border-color: #000;
}
.logwrapper .log {
  min-height: 40px;
  position: relative;
  top: -50px;
  height: calc(100% + 50px);
  border: 1px solid #e6e6e6;
  color: black;
  display: block;
  font-family: "Courier New", Courier, monospace;
  padding: 5px;
  padding-right: 80px;
  white-space: pre-wrap;
}

div.media {
  border: 1px solid #e6e6e6;
  float: right;
  height: 240px;
  margin: 0 5px;
  overflow: hidden;
  width: 320px;
}

.media-container {
  display: grid;
  grid-template-columns: 25px auto 25px;
  align-items: center;
  flex: 1 1;
  overflow: hidden;
  height: 200px;
}

.media-container--fullscreen {
  grid-template-columns: 0px auto 0px;
}

.media-container__nav--right,
.media-container__nav--left {
  text-align: center;
  cursor: pointer;
}

.media-container__viewport {
  cursor: pointer;
  text-align: center;
  height: inherit;
}
.media-container__viewport img,
.media-container__viewport video {
  object-fit: cover;
  width: 100%;
  max-height: 100%;
}

.media__name,
.media__counter {
  display: flex;
  flex-direction: row;
  justify-content: space-around;
  flex: 0 0 25px;
  align-items: center;
}

.collapsible td:not(.col-links) {
  cursor: pointer;
}
.collapsible td:not(.col-links):hover::after {
  color: #bbb;
  font-style: italic;
  cursor: pointer;
}

.col-result {
  width: 130px;
}
.col-result:hover::after {
  content: " (hide details)";
}

.col-result.collapsed:hover::after {
  content: " (show details)";
}

#environment-header h2:hover::after {
  content: " (hide details)";
  color: #bbb;
  font-style: italic;
  cursor: pointer;
  font-size: 12px;
}

#environment-header.collapsed h2:hover::after {
  content: " (show details)";
  color: #bbb;
  font-style: italic;
  cursor: pointer;
  font-size: 12px;
}

/*------------------
 * 3. Sorting items
 *------------------*/
.sortable {
  cursor: pointer;
}
.sortable.desc:after {
  content: " ";
  position: relative;
  left: 5px;
  bottom: -12.5px;
  border: 10px solid #4caf50;
  border-bottom: 0;
  border-left-color: transparent;
  border-right-color: transparent;
}
.sortable.asc:after {
  content: " ";
  position: relative;
  left: 5px;
  bottom: 12.5px;
  border: 10px solid #4caf50;
  border-top: 0;
  border-left-color: transparent;
  border-right-color: transparent;
}

.hidden, .summary__reload__button.hidden {
  display: none;
}

.summary__data {
  flex: 0 0 550px;
}
.summary__reload {
  flex: 1 1;
  display: flex;
  justify-content: center;
}
.summary__reload__button {
  flex: 0 0 300px;
  display: flex;
  color: white;
  font-weight: bold;
  background-color: #4caf50;
  text-align: center;
  justify-content: center;
  align-items: center;
  border-radius: 3px;
  cursor: pointer;
}
.summary__reload__button:hover {
  background-color: #46a049;
}
.summary__spacer {
  flex: 0 0 550px;
}

.controls {
  display: flex;
  justify-content: space-between;
}

.filters,
.collapse {
  display: flex;
  align-items: center;
}
.filters button,
.collapse button {
  color: #999;
  border: none;
  background: none;
  cursor: pointer;
  text-decoration: underline;
}
.filters button:hover,
.collapse button:hover {
  color: #ccc;
}

.filter__label {
  margin-right: 10px;
}

      </style>
    
  </head>
  <body>
    <h1 id="title">test-report-edge.html</h1>
    <p>Report generated on 23-Oct-2025 at 18:19:15 by <a href="https://pypi.python.org/pypi/pytest-html">pytest-html</a>
        v4.1.1</p>
    <div id="environment-header">
      <h2>Environment</h2>
    </div>
    <table id="environment"></table>
    <!-- TEMPLATES -->
      <template id="template_environment_row">
      <tr>
        <td></td>
        <td></td>
      </tr>
    </template>
    <template id="template_results-table__body--empty">
      <tbody class="results-table-row">
        <tr id="not-found-message">
          <td colspan="4">No results found. Check the filters.</th>
        </tr>
    </template>
    <template id="template_results-table__tbody">
      <tbody class="results-table-row">
        <tr class="collapsible">
        </tr>
        <tr class="extras-row">
          <td class="extra" colspan="4">
            <div class="extraHTML"></div>
            <div class="media">
              <div class="media-container">
                  <div class="media-container__nav--left"><</div>
                  <div class="media-container__viewport">
                    <img src="" />
                    <video controls>
                      <source src="" type="video/mp4">
                    </video>
                  </div>
                  <div class="media-container__nav--right">></div>
                </div>
                <div class="media__name"></div>
                <div class="media__counter"></div>
            </div>
            <div class="logwrapper">
              <div class="logexpander"></div>
              <div class="log"></div>
            </div>
          </td>
        </tr>
      </tbody>
    </template>
    <!-- END TEMPLATES -->
    <div class="summary">
      <div class="summary__data">
        <h2>Summary</h2>
        <div class="additional-summary prefix">
        </div>
        <p class="run-count">0 test took 00:00:07.</p>
        <p class="filter">(Un)check the boxes to filter the results.</p>
        <div class="summary__reload">
          <div class="summary__reload__button hidden" onclick="location.reload()">
            <div>There are still tests running. <br />Reload this page to get the latest results!</div>
          </div>
        </div>
        <div class="summary__spacer"></div>
        <div class="controls">
          <div class="filters">
            <input checked="true" class="filter" name="filter_checkbox" type="checkbox" data-test-result="failed" disabled/>
            <span class="failed">0 Failed,</span>
            <input checked="true" class="filter" name="filter_checkbox" type="checkbox" data-test-result="passed" disabled/>
            <span class="passed">0 Passed,</span>
            <input checked="true" class="filter" name="filter_checkbox" type="checkbox" data-test-result="skipped" disabled/>
            <span class="skipped">0 Skipped,</span>
            <input checked="true" class="filter" name="filter_checkbox" type="checkbox" data-test-result="xfailed" disabled/>
            <span class="xfailed">0 Expected failures,</span>
            <input checked="true" class="filter" name="filter_checkbox" type="checkbox" data-test-result="xpassed" disabled/>
            <span class="xpassed">0 Unexpected passes,</span>
            <input checked="true" class="filter" name="filter_checkbox" type="checkbox" data-test-result="error" />
            <span class="error">4 Errors,</span>
            <input checked="true" class="filter" name="filter_checkbox" type="checkbox" data-test-result="rerun" disabled/>
            <span class="rerun">0 Reruns</span>
          </div>
          <div class="collapse">
            <button id="show_all_details">Show all details</button>&nbsp;/&nbsp;<button id="hide_all_details">Hide all details</button>
          </div>
        </div>
      </div>
      <div class="additional-summary summary">
      </div>
      <div class="additional-summary postfix">
      </div>
    </div>
    <table id="results-table">
      <thead id="results-table-head">
        <tr>
          <th class="sortable" data-column-type="result">Result</th>
          <th class="sortable" data-column-type="testId">Test</th>
          <th class="sortable" data-column-type="duration">Duration</th>
          <th>Links</th>
        </tr>
      </thead>
    </table>
  </body>
  <footer>
    <div id="data-container" data-jsonblob="{&#34;environment&#34;: {&#34;Python&#34;: &#34;3.9.23&#34;, &#34;Platform&#34;: &#34;Linux-6.11.0-1018-azure-x86_64-with-glibc2.39&#34;, &#34;Packages&#34;: {&#34;pytest&#34;: &#34;7.4.3&#34;, &#34;pluggy&#34;: &#34;1.6.0&#34;}, &#34;Plugins&#34;: {&#34;html&#34;: &#34;4.1.1&#34;, &#34;rerunfailures&#34;: &#34;12.0&#34;, &#34;Faker&#34;: &#34;19.12.0&#34;, &#34;timeout&#34;: &#34;2.2.0&#34;, &#34;allure-pytest&#34;: &#34;2.13.2&#34;, &#34;xdist&#34;: &#34;3.3.1&#34;, &#34;metadata&#34;: &#34;3.1.1&#34;}, &#34;CI&#34;: &#34;true&#34;, &#34;JAVA_HOME&#34;: &#34;/usr/lib/jvm/temurin-17-jdk-amd64&#34;}, &#34;tests&#34;: {&#34;selenium_demoblaze_framework/tests/test_checkboxes.py::TestCheckboxes::test_local_checkbox_interaction&#34;: [{&#34;extras&#34;: [], &#34;result&#34;: &#34;Error&#34;, &#34;testId&#34;: &#34;selenium_demoblaze_framework/tests/test_checkboxes.py::TestCheckboxes::test_local_checkbox_interaction::setup&#34;, &#34;duration&#34;: &#34;00:00:01&#34;, &#34;resultsTableRow&#34;: [&#34;&lt;td class=\&#34;col-result\&#34;&gt;Error&lt;/td&gt;&#34;, &#34;&lt;td class=\&#34;col-testId\&#34;&gt;selenium_demoblaze_framework/tests/test_checkboxes.py::TestCheckboxes::test_local_checkbox_interaction::setup&lt;/td&gt;&#34;, &#34;&lt;td class=\&#34;col-duration\&#34;&gt;00:00:01&lt;/td&gt;&#34;, &#34;&lt;td class=\&#34;col-links\&#34;&gt;&lt;/td&gt;&#34;], &#34;log&#34;: &#34;[gw0] linux -- Python 3.9.23 /opt/hostedtoolcache/Python/3.9.23/x64/bin/python\nselenium_demoblaze_framework/config/browser_config.py:185: in get_driver\n    driver = webdriver.Edge(service=service, options=self.get_edge_options())\n/opt/hostedtoolcache/Python/3.9.23/x64/lib/python3.9/site-packages/selenium/webdriver/edge/webdriver.py:45: in __init__\n    super().__init__(\n/opt/hostedtoolcache/Python/3.9.23/x64/lib/python3.9/site-packages/selenium/webdriver/chromium/webdriver.py:56: in __init__\n    super().__init__(\n/opt/hostedtoolcache/Python/3.9.23/x64/lib/python3.9/site-packages/selenium/webdriver/remote/webdriver.py:207: in __init__\n    self.start_session(capabilities)\n/opt/hostedtoolcache/Python/3.9.23/x64/lib/python3.9/site-packages/selenium/webdriver/remote/webdriver.py:291: in start_session\n    response = self.execute(Command.NEW_SESSION, caps)[&amp;quot;value&amp;quot;]\n/opt/hostedtoolcache/Python/3.9.23/x64/lib/python3.9/site-packages/selenium/webdriver/remote/webdriver.py:346: in execute\n    self.error_handler.check_response(response)\n/opt/hostedtoolcache/Python/3.9.23/x64/lib/python3.9/site-packages/selenium/webdriver/remote/errorhandler.py:229: in check_response\n    raise exception_class(message, screen, stacktrace)\nE   selenium.common.exceptions.SessionNotCreatedException: Message: session not created: No matching capabilities found\nE   Stacktrace:\nE   #0 0x55be060a5fba &amp;lt;unknown&amp;gt;\nE   #1 0x55be05b2a6d0 &amp;lt;unknown&amp;gt;\nE   #2 0x55be05baee12 &amp;lt;unknown&amp;gt;\nE   #3 0x55be05badf9e &amp;lt;unknown&amp;gt;\nE   #4 0x55be05bafb72 &amp;lt;unknown&amp;gt;\nE   #5 0x55be05baf946 &amp;lt;unknown&amp;gt;\nE   #6 0x55be05ba1c03 &amp;lt;unknown&amp;gt;\nE   #7 0x55be05b6e7a8 &amp;lt;unknown&amp;gt;\nE   #8 0x55be05b6f421 &amp;lt;unknown&amp;gt;\nE   #9 0x55be0606ab28 &amp;lt;unknown&amp;gt;\nE   #10 0x55be0606e87f &amp;lt;unknown&amp;gt;\nE   #11 0x55be06052c49 &amp;lt;unknown&amp;gt;\nE   #12 0x55be0606f405 &amp;lt;unknown&amp;gt;\nE   #13 0x55be060384ff &amp;lt;unknown&amp;gt;\nE   #14 0x55be06093258 &amp;lt;unknown&amp;gt;\nE   #15 0x55be06093432 &amp;lt;unknown&amp;gt;\nE   #16 0x55be060a4fa3 &amp;lt;unknown&amp;gt;\nE   #17 0x7f488569caa4 &amp;lt;unknown&amp;gt;\nE   #18 0x7f4885729c6c &amp;lt;unknown&amp;gt;\n\nDuring handling of the above exception, another exception occurred:\nselenium_demoblaze_framework/tests/test_checkboxes.py:93: in setup_and_teardown\n    self.driver = self.browser_config.get_driver()\nselenium_demoblaze_framework/config/browser_config.py:191: in get_driver\n    driver = webdriver.Edge(service=service, options=self.get_edge_options())\n/opt/hostedtoolcache/Python/3.9.23/x64/lib/python3.9/site-packages/selenium/webdriver/edge/webdriver.py:45: in __init__\n    super().__init__(\n/opt/hostedtoolcache/Python/3.9.23/x64/lib/python3.9/site-packages/selenium/webdriver/chromium/webdriver.py:56: in __init__\n    super().__init__(\n/opt/hostedtoolcache/Python/3.9.23/x64/lib/python3.9/site-packages/selenium/webdriver/remote/webdriver.py:207: in __init__\n    self.start_session(capabilities)\n/opt/hostedtoolcache/Python/3.9.23/x64/lib/python3.9/site-packages/selenium/webdriver/remote/webdriver.py:291: in start_session\n    response = self.execute(Command.NEW_SESSION, caps)[&amp;quot;value&amp;quot;]\n/opt/hostedtoolcache/Python/3.9.23/x64/lib/python3.9/site-packages/selenium/webdriver/remote/webdriver.py:346: in execute\n    self.error_handler.check_response(response)\n/opt/hostedtoolcache/Python/3.9.23/x64/lib/python3.9/site-packages/selenium/webdriver/remote/errorhandler.py:229: in check_response\n    raise exception_class(message, screen, stacktrace)\nE   selenium.common.exceptions.SessionNotCreatedException: Message: session not created: No matching capabilities found\nE   Stacktrace:\nE   #0 0x56263ed3efba &amp;lt;unknown&amp;gt;\nE   #1 0x56263e7c36d0 &amp;lt;unknown&amp;gt;\nE   #2 0x56263e847e12 &amp;lt;unknown&amp;gt;\nE   #3 0x56263e846f9e &amp;lt;unknown&amp;gt;\nE   #4 0x56263e848b72 &amp;lt;unknown&amp;gt;\nE   #5 0x56263e848946 &amp;lt;unknown&amp;gt;\nE   #6 0x56263e83ac03 &amp;lt;unknown&amp;gt;\nE   #7 0x56263e8077a8 &amp;lt;unknown&amp;gt;\nE   #8 0x56263e808421 &amp;lt;unknown&amp;gt;\nE   #9 0x56263ed03b28 &amp;lt;unknown&amp;gt;\nE   #10 0x56263ed0787f &amp;lt;unknown&amp;gt;\nE   #11 0x56263ecebc49 &amp;lt;unknown&amp;gt;\nE   #12 0x56263ed08405 &amp;lt;unknown&amp;gt;\nE   #13 0x56263ecd14ff &amp;lt;unknown&amp;gt;\nE   #14 0x56263ed2c258 &amp;lt;unknown&amp;gt;\nE   #15 0x56263ed2c432 &amp;lt;unknown&amp;gt;\nE   #16 0x56263ed3dfa3 &amp;lt;unknown&amp;gt;\nE   #17 0x7f64b049caa4 &amp;lt;unknown&amp;gt;\nE   #18 0x7f64b0529c6c &amp;lt;unknown&amp;gt;\n\n---------------------------- Captured stdout setup -----------------------------\n\n============================================================\nPYTEST SESSION STARTED - Browser: EDGE\n============================================================\n\n[BrowserConfig] Initializing edge driver...\n[BrowserConfig] Failed with system driver: Message: session not created: No matching capabilities found\nStacktrace:\n#0 0x55be060a5fba &amp;lt;unknown&amp;gt;\n#1 0x55be05b2a6d0 &amp;lt;unknown&amp;gt;\n#2 0x55be05baee12 &amp;lt;unknown&amp;gt;\n#3 0x55be05badf9e &amp;lt;unknown&amp;gt;\n#4 0x55be05bafb72 &amp;lt;unknown&amp;gt;\n#5 0x55be05baf946 &amp;lt;unknown&amp;gt;\n#6 0x55be05ba1c03 &amp;lt;unknown&amp;gt;\n#7 0x55be05b6e7a8 &amp;lt;unknown&amp;gt;\n#8 0x55be05b6f421 &amp;lt;unknown&amp;gt;\n#9 0x55be0606ab28 &amp;lt;unknown&amp;gt;\n#10 0x55be0606e87f &amp;lt;unknown&amp;gt;\n#11 0x55be06052c49 &amp;lt;unknown&amp;gt;\n#12 0x55be0606f405 &amp;lt;unknown&amp;gt;\n#13 0x55be060384ff &amp;lt;unknown&amp;gt;\n#14 0x55be06093258 &amp;lt;unknown&amp;gt;\n#15 0x55be06093432 &amp;lt;unknown&amp;gt;\n#16 0x55be060a4fa3 &amp;lt;unknown&amp;gt;\n#17 0x7f488569caa4 &amp;lt;unknown&amp;gt;\n#18 0x7f4885729c6c &amp;lt;unknown&amp;gt;\n\n\n---------------------------- Captured stderr setup -----------------------------\n2025-10-23 18:19:11 - TestCheckboxes - INFO - setup_and_teardown - ==================================================\n2025-10-23 18:19:11 - TestCheckboxes - INFO - setup_and_teardown - Starting new LOCAL Checkbox Test\n2025-10-23 18:19:11 - TestCheckboxes - INFO - setup_and_teardown - Local test server running at: http://localhost:44613/checkbox_test.html\n2025-10-23 18:19:11 - TestCheckboxes - INFO - setup_and_teardown - Initializing browser: edge\n\n------------------------------ Captured log setup ------------------------------\nDEBUG    faker.factory:factory.py:76 Looking for locale `en_US` in provider `faker.providers.address`.\nDEBUG    faker.factory:factory.py:95 Provider `faker.providers.address` has been localized to `en_US`.\nDEBUG    faker.factory:factory.py:76 Looking for locale `en_US` in provider `faker.providers.automotive`.\nDEBUG    faker.factory:factory.py:95 Provider `faker.providers.automotive` has been localized to `en_US`.\nDEBUG    faker.factory:factory.py:76 Looking for locale `en_US` in provider `faker.providers.bank`.\nDEBUG    faker.factory:factory.py:86 Specified locale `en_US` is not available for provider `faker.providers.bank`. Locale reset to `en_GB` for this provider.\nDEBUG    faker.factory:factory.py:76 Looking for locale `en_US` in provider `faker.providers.barcode`.\nDEBUG    faker.factory:factory.py:95 Provider `faker.providers.barcode` has been localized to `en_US`.\nDEBUG    faker.factory:factory.py:76 Looking for locale `en_US` in provider `faker.providers.color`.\nDEBUG    faker.factory:factory.py:95 Provider `faker.providers.color` has been localized to `en_US`.\nDEBUG    faker.factory:factory.py:76 Looking for locale `en_US` in provider `faker.providers.company`.\nDEBUG    faker.factory:factory.py:95 Provider `faker.providers.company` has been localized to `en_US`.\nDEBUG    faker.factory:factory.py:76 Looking for locale `en_US` in provider `faker.providers.credit_card`.\nDEBUG    faker.factory:factory.py:95 Provider `faker.providers.credit_card` has been localized to `en_US`.\nDEBUG    faker.factory:factory.py:76 Looking for locale `en_US` in provider `faker.providers.currency`.\nDEBUG    faker.factory:factory.py:95 Provider `faker.providers.currency` has been localized to `en_US`.\nDEBUG    faker.factory:factory.py:76 Looking for locale `en_US` in provider `faker.providers.date_time`.\nDEBUG    faker.factory:factory.py:95 Provider `faker.providers.date_time` has been localized to `en_US`.\nDEBUG    faker.factory:factory.py:106 Provider `faker.providers.emoji` does not feature localization. Specified locale `en_US` is not utilized for this provider.\nDEBUG    faker.factory:factory.py:106 Provider `faker.providers.file` does not feature localization. Specified locale `en_US` is not utilized for this provider.\nDEBUG    faker.factory:factory.py:76 Looking for locale `en_US` in provider `faker.providers.geo`.\nDEBUG    faker.factory:factory.py:95 Provider `faker.providers.geo` has been localized to `en_US`.\nDEBUG    faker.factory:factory.py:76 Looking for locale `en_US` in provider `faker.providers.internet`.\nDEBUG    faker.factory:factory.py:95 Provider `faker.providers.internet` has been localized to `en_US`.\nDEBUG    faker.factory:factory.py:106 Provider `faker.providers.isbn` does not feature localization. Specified locale `en_US` is not utilized for this provider.\nDEBUG    faker.factory:factory.py:76 Looking for locale `en_US` in provider `faker.providers.job`.\nDEBUG    faker.factory:factory.py:95 Provider `faker.providers.job` has been localized to `en_US`.\nDEBUG    faker.factory:factory.py:76 Looking for locale `en_US` in provider `faker.providers.lorem`.\nDEBUG    faker.factory:factory.py:95 Provider `faker.providers.lorem` has been localized to `en_US`.\nDEBUG    faker.factory:factory.py:76 Looking for locale `en_US` in provider `faker.providers.misc`.\nDEBUG    faker.factory:factory.py:95 Provider `faker.providers.misc` has been localized to `en_US`.\nDEBUG    faker.factory:factory.py:76 Looking for locale `en_US` in provider `faker.providers.passport`.\nDEBUG    faker.factory:factory.py:95 Provider `faker.providers.passport` has been localized to `en_US`.\nDEBUG    faker.factory:factory.py:76 Looking for locale `en_US` in provider `faker.providers.person`.\nDEBUG    faker.factory:factory.py:95 Provider `faker.providers.person` has been localized to `en_US`.\nDEBUG    faker.factory:factory.py:76 Looking for locale `en_US` in provider `faker.providers.phone_number`.\nDEBUG    faker.factory:factory.py:95 Provider `faker.providers.phone_number` has been localized to `en_US`.\nDEBUG    faker.factory:factory.py:106 Provider `faker.providers.profile` does not feature localization. Specified locale `en_US` is not utilized for this provider.\nDEBUG    faker.factory:factory.py:106 Provider `faker.providers.python` does not feature localization. Specified locale `en_US` is not utilized for this provider.\nDEBUG    faker.factory:factory.py:106 Provider `faker.providers.sbn` does not feature localization. Specified locale `en_US` is not utilized for this provider.\nDEBUG    faker.factory:factory.py:76 Looking for locale `en_US` in provider `faker.providers.ssn`.\nDEBUG    faker.factory:factory.py:95 Provider `faker.providers.ssn` has been localized to `en_US`.\nDEBUG    faker.factory:factory.py:106 Provider `faker.providers.user_agent` does not feature localization. Specified locale `en_US` is not utilized for this provider.\nINFO     TestCheckboxes:test_checkboxes.py:43 ==================================================\nINFO     TestCheckboxes:test_checkboxes.py:44 Starting new LOCAL Checkbox Test\nINFO     TestCheckboxes:test_checkboxes.py:86 Local test server running at: http://localhost:44613/checkbox_test.html\nINFO     TestCheckboxes:test_checkboxes.py:91 Initializing browser: edge\nDEBUG    selenium.webdriver.common.service:service.py:215 Started executable: `/usr/local/bin/msedgedriver` in a child process with pid: 3489\nDEBUG    selenium.webdriver.remote.remote_connection:remote_connection.py:313 POST http://localhost:35913/session {&amp;quot;capabilities&amp;quot;: {&amp;quot;firstMatch&amp;quot;: [{}], &amp;quot;alwaysMatch&amp;quot;: {&amp;quot;browserName&amp;quot;: &amp;quot;MicrosoftEdge&amp;quot;, &amp;quot;pageLoadStrategy&amp;quot;: &amp;quot;normal&amp;quot;, &amp;quot;ms:edgeOptions&amp;quot;: {&amp;quot;prefs&amp;quot;: {&amp;quot;download.default_directory&amp;quot;: &amp;quot;/home/runner/work/selenium-demoblaze-operations/selenium-demoblaze-operations/downloads&amp;quot;, &amp;quot;download.prompt_for_download&amp;quot;: false, &amp;quot;download.directory_upgrade&amp;quot;: true, &amp;quot;safebrowsing.enabled&amp;quot;: false, &amp;quot;profile.default_content_settings.popups&amp;quot;: 0, &amp;quot;profile.default_content_setting_values.notifications&amp;quot;: 2}, &amp;quot;excludeSwitches&amp;quot;: [&amp;quot;enable-logging&amp;quot;, &amp;quot;enable-automation&amp;quot;], &amp;quot;useAutomationExtension&amp;quot;: false, &amp;quot;extensions&amp;quot;: [], &amp;quot;args&amp;quot;: [&amp;quot;--headless=new&amp;quot;, &amp;quot;--window-size=1920,1080&amp;quot;, &amp;quot;--start-maximized&amp;quot;, &amp;quot;--disable-gpu&amp;quot;, &amp;quot;--no-sandbox&amp;quot;, &amp;quot;--disable-dev-shm-usage&amp;quot;, &amp;quot;--disable-software-rasterizer&amp;quot;, &amp;quot;--disable-blink-features=AutomationControlled&amp;quot;, &amp;quot;--single-process&amp;quot;, &amp;quot;--disable-features=VizDisplayCompositor&amp;quot;, &amp;quot;--disable-setuid-sandbox&amp;quot;, &amp;quot;--disable-extensions&amp;quot;, &amp;quot;--disable-popup-blocking&amp;quot;, &amp;quot;--ignore-certificate-errors&amp;quot;]}}}}\nDEBUG    urllib3.connectionpool:connectionpool.py:244 Starting new HTTP connection (1): localhost:35913\nDEBUG    urllib3.connectionpool:connectionpool.py:546 http://localhost:35913 &amp;quot;POST /session HTTP/1.1&amp;quot; 500 0\nDEBUG    selenium.webdriver.remote.remote_connection:remote_connection.py:329 Remote response: status=500 | data={&amp;quot;value&amp;quot;:{&amp;quot;error&amp;quot;:&amp;quot;session not created&amp;quot;,&amp;quot;message&amp;quot;:&amp;quot;session not created: No matching capabilities found&amp;quot;,&amp;quot;stacktrace&amp;quot;:&amp;quot;#0 0x55be060a5fba \\u003Cunknown&amp;gt;\\n#1 0x55be05b2a6d0 \\u003Cunknown&amp;gt;\\n#2 0x55be05baee12 \\u003Cunknown&amp;gt;\\n#3 0x55be05badf9e \\u003Cunknown&amp;gt;\\n#4 0x55be05bafb72 \\u003Cunknown&amp;gt;\\n#5 0x55be05baf946 \\u003Cunknown&amp;gt;\\n#6 0x55be05ba1c03 \\u003Cunknown&amp;gt;\\n#7 0x55be05b6e7a8 \\u003Cunknown&amp;gt;\\n#8 0x55be05b6f421 \\u003Cunknown&amp;gt;\\n#9 0x55be0606ab28 \\u003Cunknown&amp;gt;\\n#10 0x55be0606e87f \\u003Cunknown&amp;gt;\\n#11 0x55be06052c49 \\u003Cunknown&amp;gt;\\n#12 0x55be0606f405 \\u003Cunknown&amp;gt;\\n#13 0x55be060384ff \\u003Cunknown&amp;gt;\\n#14 0x55be06093258 \\u003Cunknown&amp;gt;\\n#15 0x55be06093432 \\u003Cunknown&amp;gt;\\n#16 0x55be060a4fa3 \\u003Cunknown&amp;gt;\\n#17 0x7f488569caa4 \\u003Cunknown&amp;gt;\\n#18 0x7f4885729c6c \\u003Cunknown&amp;gt;\\n&amp;quot;}} | headers=HTTPHeaderDict({&amp;#x27;Content-Length&amp;#x27;: &amp;#x27;776&amp;#x27;, &amp;#x27;Content-Type&amp;#x27;: &amp;#x27;application/json; charset=utf-8&amp;#x27;, &amp;#x27;cache-control&amp;#x27;: &amp;#x27;no-cache&amp;#x27;})\nDEBUG    selenium.webdriver.remote.remote_connection:remote_connection.py:356 Finished Request\nDEBUG    selenium.webdriver.common.selenium_manager:selenium_manager.py:63 Selenium Manager binary found at: /opt/hostedtoolcache/Python/3.9.23/x64/lib/python3.9/site-packages/selenium/webdriver/common/linux/selenium-manager\nDEBUG    selenium.webdriver.common.selenium_manager:selenium_manager.py:120 Executing process: /opt/hostedtoolcache/Python/3.9.23/x64/lib/python3.9/site-packages/selenium/webdriver/common/linux/selenium-manager --browser MicrosoftEdge --debug --output json\nDEBUG    selenium.webdriver.common.selenium_manager:selenium_manager.py:137 Found msedgedriver 140.0.7339.207 in PATH: /usr/local/bin/msedgedriver\nDEBUG    selenium.webdriver.common.selenium_manager:selenium_manager.py:137 MicrosoftEdge detected at /usr/bin/microsoft-edge\nDEBUG    selenium.webdriver.common.selenium_manager:selenium_manager.py:137 Running command: /usr/bin/microsoft-edge --version\nDEBUG    selenium.webdriver.common.selenium_manager:selenium_manager.py:137 Output: &amp;quot;Microsoft Edge 141.0.3537.99 &amp;quot;\nDEBUG    selenium.webdriver.common.selenium_manager:selenium_manager.py:137 Detected browser: MicrosoftEdge 141.0.3537.99\nDEBUG    selenium.webdriver.common.selenium_manager:selenium_manager.py:137 Reading msedgedriver version from https://msedgedriver.azureedge.net/LATEST_RELEASE_141_LINUX\nWARNING  selenium.webdriver.common.selenium_manager:selenium_manager.py:135 Exception managing MicrosoftEdge: error sending request for url (https://msedgedriver.azureedge.net/LATEST_RELEASE_141_LINUX): error trying to connect: dns error: failed to lookup address information: Name does not resolve\nWARNING  selenium.webdriver.common.selenium_manager:selenium_manager.py:135 The msedgedriver version (140.0.7339.207) detected in PATH at /usr/local/bin/msedgedriver might not be compatible with the detected MicrosoftEdge version (141.0.3537.99); currently, msedgedriver  is recommended for MicrosoftEdge 141.*, so it is advised to delete the driver in PATH and retry\nDEBUG    selenium.webdriver.common.selenium_manager:selenium_manager.py:137 Driver path: /usr/local/bin/msedgedriver\nDEBUG    selenium.webdriver.common.selenium_manager:selenium_manager.py:137 Browser path: /usr/bin/microsoft-edge\nDEBUG    selenium.webdriver.common.selenium_manager:selenium_manager.py:98 Using driver at: /usr/local/bin/msedgedriver\nDEBUG    selenium.webdriver.common.service:service.py:215 Started executable: `/usr/local/bin/msedgedriver` in a child process with pid: 3601\nDEBUG    selenium.webdriver.remote.remote_connection:remote_connection.py:313 POST http://localhost:49291/session {&amp;quot;capabilities&amp;quot;: {&amp;quot;firstMatch&amp;quot;: [{}], &amp;quot;alwaysMatch&amp;quot;: {&amp;quot;browserName&amp;quot;: &amp;quot;MicrosoftEdge&amp;quot;, &amp;quot;pageLoadStrategy&amp;quot;: &amp;quot;normal&amp;quot;, &amp;quot;browserVersion&amp;quot;: null, &amp;quot;ms:edgeOptions&amp;quot;: {&amp;quot;prefs&amp;quot;: {&amp;quot;download.default_directory&amp;quot;: &amp;quot;/home/runner/work/selenium-demoblaze-operations/selenium-demoblaze-operations/downloads&amp;quot;, &amp;quot;download.prompt_for_download&amp;quot;: false, &amp;quot;download.directory_upgrade&amp;quot;: true, &amp;quot;safebrowsing.enabled&amp;quot;: false, &amp;quot;profile.default_content_settings.popups&amp;quot;: 0, &amp;quot;profile.default_content_setting_values.notifications&amp;quot;: 2}, &amp;quot;excludeSwitches&amp;quot;: [&amp;quot;enable-logging&amp;quot;, &amp;quot;enable-automation&amp;quot;], &amp;quot;useAutomationExtension&amp;quot;: false, &amp;quot;extensions&amp;quot;: [], &amp;quot;binary&amp;quot;: &amp;quot;/usr/bin/microsoft-edge&amp;quot;, &amp;quot;args&amp;quot;: [&amp;quot;--headless=new&amp;quot;, &amp;quot;--window-size=1920,1080&amp;quot;, &amp;quot;--start-maximized&amp;quot;, &amp;quot;--disable-gpu&amp;quot;, &amp;quot;--no-sandbox&amp;quot;, &amp;quot;--disable-dev-shm-usage&amp;quot;, &amp;quot;--disable-software-rasterizer&amp;quot;, &amp;quot;--disable-blink-features=AutomationControlled&amp;quot;, &amp;quot;--single-process&amp;quot;, &amp;quot;--disable-features=VizDisplayCompositor&amp;quot;, &amp;quot;--disable-setuid-sandbox&amp;quot;, &amp;quot;--disable-extensions&amp;quot;, &amp;quot;--disable-popup-blocking&amp;quot;, &amp;quot;--ignore-certificate-errors&amp;quot;]}}}}\nDEBUG    urllib3.connectionpool:connectionpool.py:244 Starting new HTTP connection (1): localhost:49291\nDEBUG    urllib3.connectionpool:connectionpool.py:546 http://localhost:49291 &amp;quot;POST /session HTTP/1.1&amp;quot; 500 0\nDEBUG    selenium.webdriver.remote.remote_connection:remote_connection.py:329 Remote response: status=500 | data={&amp;quot;value&amp;quot;:{&amp;quot;error&amp;quot;:&amp;quot;session not created&amp;quot;,&amp;quot;message&amp;quot;:&amp;quot;session not created: No matching capabilities found&amp;quot;,&amp;quot;stacktrace&amp;quot;:&amp;quot;#0 0x56263ed3efba \\u003Cunknown&amp;gt;\\n#1 0x56263e7c36d0 \\u003Cunknown&amp;gt;\\n#2 0x56263e847e12 \\u003Cunknown&amp;gt;\\n#3 0x56263e846f9e \\u003Cunknown&amp;gt;\\n#4 0x56263e848b72 \\u003Cunknown&amp;gt;\\n#5 0x56263e848946 \\u003Cunknown&amp;gt;\\n#6 0x56263e83ac03 \\u003Cunknown&amp;gt;\\n#7 0x56263e8077a8 \\u003Cunknown&amp;gt;\\n#8 0x56263e808421 \\u003Cunknown&amp;gt;\\n#9 0x56263ed03b28 \\u003Cunknown&amp;gt;\\n#10 0x56263ed0787f \\u003Cunknown&amp;gt;\\n#11 0x56263ecebc49 \\u003Cunknown&amp;gt;\\n#12 0x56263ed08405 \\u003Cunknown&amp;gt;\\n#13 0x56263ecd14ff \\u003Cunknown&amp;gt;\\n#14 0x56263ed2c258 \\u003Cunknown&amp;gt;\\n#15 0x56263ed2c432 \\u003Cunknown&amp;gt;\\n#16 0x56263ed3dfa3 \\u003Cunknown&amp;gt;\\n#17 0x7f64b049caa4 \\u003Cunknown&amp;gt;\\n#18 0x7f64b0529c6c \\u003Cunknown&amp;gt;\\n&amp;quot;}} | headers=HTTPHeaderDict({&amp;#x27;Content-Length&amp;#x27;: &amp;#x27;776&amp;#x27;, &amp;#x27;Content-Type&amp;#x27;: &amp;#x27;application/json; charset=utf-8&amp;#x27;, &amp;#x27;cache-control&amp;#x27;: &amp;#x27;no-cache&amp;#x27;})\nDEBUG    selenium.webdriver.remote.remote_connection:remote_connection.py:356 Finished Request\n&#34;}], &#34;selenium_demoblaze_framework/tests/test_demoblaze_e2e.py::TestDemoBlazeE2E::test_02_mouse_operations[edge]&#34;: [{&#34;extras&#34;: [], &#34;result&#34;: &#34;Error&#34;, &#34;testId&#34;: &#34;selenium_demoblaze_framework/tests/test_demoblaze_e2e.py::TestDemoBlazeE2E::test_02_mouse_operations[edge]::setup&#34;, &#34;duration&#34;: &#34;00:00:01&#34;, &#34;resultsTableRow&#34;: [&#34;&lt;td class=\&#34;col-result\&#34;&gt;Error&lt;/td&gt;&#34;, &#34;&lt;td class=\&#34;col-testId\&#34;&gt;selenium_demoblaze_framework/tests/test_demoblaze_e2e.py::TestDemoBlazeE2E::test_02_mouse_operations[edge]::setup&lt;/td&gt;&#34;, &#34;&lt;td class=\&#34;col-duration\&#34;&gt;00:00:01&lt;/td&gt;&#34;, &#34;&lt;td class=\&#34;col-links\&#34;&gt;&lt;/td&gt;&#34;], &#34;log&#34;: &#34;[gw2] linux -- Python 3.9.23 /opt/hostedtoolcache/Python/3.9.23/x64/bin/python\nselenium_demoblaze_framework/config/browser_config.py:185: in get_driver\n    driver = webdriver.Edge(service=service, options=self.get_edge_options())\n/opt/hostedtoolcache/Python/3.9.23/x64/lib/python3.9/site-packages/selenium/webdriver/edge/webdriver.py:45: in __init__\n    super().__init__(\n/opt/hostedtoolcache/Python/3.9.23/x64/lib/python3.9/site-packages/selenium/webdriver/chromium/webdriver.py:56: in __init__\n    super().__init__(\n/opt/hostedtoolcache/Python/3.9.23/x64/lib/python3.9/site-packages/selenium/webdriver/remote/webdriver.py:207: in __init__\n    self.start_session(capabilities)\n/opt/hostedtoolcache/Python/3.9.23/x64/lib/python3.9/site-packages/selenium/webdriver/remote/webdriver.py:291: in start_session\n    response = self.execute(Command.NEW_SESSION, caps)[&amp;quot;value&amp;quot;]\n/opt/hostedtoolcache/Python/3.9.23/x64/lib/python3.9/site-packages/selenium/webdriver/remote/webdriver.py:346: in execute\n    self.error_handler.check_response(response)\n/opt/hostedtoolcache/Python/3.9.23/x64/lib/python3.9/site-packages/selenium/webdriver/remote/errorhandler.py:229: in check_response\n    raise exception_class(message, screen, stacktrace)\nE   selenium.common.exceptions.SessionNotCreatedException: Message: session not created: No matching capabilities found\nE   Stacktrace:\nE   #0 0x55c1e93cdfba &amp;lt;unknown&amp;gt;\nE   #1 0x55c1e8e526d0 &amp;lt;unknown&amp;gt;\nE   #2 0x55c1e8ed6e12 &amp;lt;unknown&amp;gt;\nE   #3 0x55c1e8ed5f9e &amp;lt;unknown&amp;gt;\nE   #4 0x55c1e8ed7b72 &amp;lt;unknown&amp;gt;\nE   #5 0x55c1e8ed7946 &amp;lt;unknown&amp;gt;\nE   #6 0x55c1e8ec9c03 &amp;lt;unknown&amp;gt;\nE   #7 0x55c1e8e967a8 &amp;lt;unknown&amp;gt;\nE   #8 0x55c1e8e97421 &amp;lt;unknown&amp;gt;\nE   #9 0x55c1e9392b28 &amp;lt;unknown&amp;gt;\nE   #10 0x55c1e939687f &amp;lt;unknown&amp;gt;\nE   #11 0x55c1e937ac49 &amp;lt;unknown&amp;gt;\nE   #12 0x55c1e9397405 &amp;lt;unknown&amp;gt;\nE   #13 0x55c1e93604ff &amp;lt;unknown&amp;gt;\nE   #14 0x55c1e93bb258 &amp;lt;unknown&amp;gt;\nE   #15 0x55c1e93bb432 &amp;lt;unknown&amp;gt;\nE   #16 0x55c1e93ccfa3 &amp;lt;unknown&amp;gt;\nE   #17 0x7f25fa09caa4 &amp;lt;unknown&amp;gt;\nE   #18 0x7f25fa129c6c &amp;lt;unknown&amp;gt;\n\nDuring handling of the above exception, another exception occurred:\nselenium_demoblaze_framework/tests/test_demoblaze_e2e.py:1147: in setup_and_teardown\n    self.driver = self.browser_config.get_driver(browser_name)\nselenium_demoblaze_framework/config/browser_config.py:191: in get_driver\n    driver = webdriver.Edge(service=service, options=self.get_edge_options())\n/opt/hostedtoolcache/Python/3.9.23/x64/lib/python3.9/site-packages/selenium/webdriver/edge/webdriver.py:45: in __init__\n    super().__init__(\n/opt/hostedtoolcache/Python/3.9.23/x64/lib/python3.9/site-packages/selenium/webdriver/chromium/webdriver.py:56: in __init__\n    super().__init__(\n/opt/hostedtoolcache/Python/3.9.23/x64/lib/python3.9/site-packages/selenium/webdriver/remote/webdriver.py:207: in __init__\n    self.start_session(capabilities)\n/opt/hostedtoolcache/Python/3.9.23/x64/lib/python3.9/site-packages/selenium/webdriver/remote/webdriver.py:291: in start_session\n    response = self.execute(Command.NEW_SESSION, caps)[&amp;quot;value&amp;quot;]\n/opt/hostedtoolcache/Python/3.9.23/x64/lib/python3.9/site-packages/selenium/webdriver/remote/webdriver.py:346: in execute\n    self.error_handler.check_response(response)\n/opt/hostedtoolcache/Python/3.9.23/x64/lib/python3.9/site-packages/selenium/webdriver/remote/errorhandler.py:229: in check_response\n    raise exception_class(message, screen, stacktrace)\nE   selenium.common.exceptions.SessionNotCreatedException: Message: session not created: No matching capabilities found\nE   Stacktrace:\nE   #0 0x562f9a782fba &amp;lt;unknown&amp;gt;\nE   #1 0x562f9a2076d0 &amp;lt;unknown&amp;gt;\nE   #2 0x562f9a28be12 &amp;lt;unknown&amp;gt;\nE   #3 0x562f9a28af9e &amp;lt;unknown&amp;gt;\nE   #4 0x562f9a28cb72 &amp;lt;unknown&amp;gt;\nE   #5 0x562f9a28c946 &amp;lt;unknown&amp;gt;\nE   #6 0x562f9a27ec03 &amp;lt;unknown&amp;gt;\nE   #7 0x562f9a24b7a8 &amp;lt;unknown&amp;gt;\nE   #8 0x562f9a24c421 &amp;lt;unknown&amp;gt;\nE   #9 0x562f9a747b28 &amp;lt;unknown&amp;gt;\nE   #10 0x562f9a74b87f &amp;lt;unknown&amp;gt;\nE   #11 0x562f9a72fc49 &amp;lt;unknown&amp;gt;\nE   #12 0x562f9a74c405 &amp;lt;unknown&amp;gt;\nE   #13 0x562f9a7154ff &amp;lt;unknown&amp;gt;\nE   #14 0x562f9a770258 &amp;lt;unknown&amp;gt;\nE   #15 0x562f9a770432 &amp;lt;unknown&amp;gt;\nE   #16 0x562f9a781fa3 &amp;lt;unknown&amp;gt;\nE   #17 0x7fb7b669caa4 &amp;lt;unknown&amp;gt;\nE   #18 0x7fb7b6729c6c &amp;lt;unknown&amp;gt;\n\n---------------------------- Captured stdout setup -----------------------------\n\n============================================================\nPYTEST SESSION STARTED - Browser: EDGE\n============================================================\n\n[BrowserConfig] Initializing edge driver...\n[BrowserConfig] Failed with system driver: Message: session not created: No matching capabilities found\nStacktrace:\n#0 0x55c1e93cdfba &amp;lt;unknown&amp;gt;\n#1 0x55c1e8e526d0 &amp;lt;unknown&amp;gt;\n#2 0x55c1e8ed6e12 &amp;lt;unknown&amp;gt;\n#3 0x55c1e8ed5f9e &amp;lt;unknown&amp;gt;\n#4 0x55c1e8ed7b72 &amp;lt;unknown&amp;gt;\n#5 0x55c1e8ed7946 &amp;lt;unknown&amp;gt;\n#6 0x55c1e8ec9c03 &amp;lt;unknown&amp;gt;\n#7 0x55c1e8e967a8 &amp;lt;unknown&amp;gt;\n#8 0x55c1e8e97421 &amp;lt;unknown&amp;gt;\n#9 0x55c1e9392b28 &amp;lt;unknown&amp;gt;\n#10 0x55c1e939687f &amp;lt;unknown&amp;gt;\n#11 0x55c1e937ac49 &amp;lt;unknown&amp;gt;\n#12 0x55c1e9397405 &amp;lt;unknown&amp;gt;\n#13 0x55c1e93604ff &amp;lt;unknown&amp;gt;\n#14 0x55c1e93bb258 &amp;lt;unknown&amp;gt;\n#15 0x55c1e93bb432 &amp;lt;unknown&amp;gt;\n#16 0x55c1e93ccfa3 &amp;lt;unknown&amp;gt;\n#17 0x7f25fa09caa4 &amp;lt;unknown&amp;gt;\n#18 0x7f25fa129c6c &amp;lt;unknown&amp;gt;\n\n\n---------------------------- Captured stderr setup -----------------------------\n2025-10-23 18:19:11 - TestDemoBlazeE2E_edge - INFO - setup_and_teardown - ==================================================\n2025-10-23 18:19:11 - TestDemoBlazeE2E_edge - INFO - setup_and_teardown - Starting new test on EDGE\n\n------------------------------ Captured log setup ------------------------------\nDEBUG    faker.factory:factory.py:76 Looking for locale `en_US` in provider `faker.providers.address`.\nDEBUG    faker.factory:factory.py:95 Provider `faker.providers.address` has been localized to `en_US`.\nDEBUG    faker.factory:factory.py:76 Looking for locale `en_US` in provider `faker.providers.automotive`.\nDEBUG    faker.factory:factory.py:95 Provider `faker.providers.automotive` has been localized to `en_US`.\nDEBUG    faker.factory:factory.py:76 Looking for locale `en_US` in provider `faker.providers.bank`.\nDEBUG    faker.factory:factory.py:86 Specified locale `en_US` is not available for provider `faker.providers.bank`. Locale reset to `en_GB` for this provider.\nDEBUG    faker.factory:factory.py:76 Looking for locale `en_US` in provider `faker.providers.barcode`.\nDEBUG    faker.factory:factory.py:95 Provider `faker.providers.barcode` has been localized to `en_US`.\nDEBUG    faker.factory:factory.py:76 Looking for locale `en_US` in provider `faker.providers.color`.\nDEBUG    faker.factory:factory.py:95 Provider `faker.providers.color` has been localized to `en_US`.\nDEBUG    faker.factory:factory.py:76 Looking for locale `en_US` in provider `faker.providers.company`.\nDEBUG    faker.factory:factory.py:95 Provider `faker.providers.company` has been localized to `en_US`.\nDEBUG    faker.factory:factory.py:76 Looking for locale `en_US` in provider `faker.providers.credit_card`.\nDEBUG    faker.factory:factory.py:95 Provider `faker.providers.credit_card` has been localized to `en_US`.\nDEBUG    faker.factory:factory.py:76 Looking for locale `en_US` in provider `faker.providers.currency`.\nDEBUG    faker.factory:factory.py:95 Provider `faker.providers.currency` has been localized to `en_US`.\nDEBUG    faker.factory:factory.py:76 Looking for locale `en_US` in provider `faker.providers.date_time`.\nDEBUG    faker.factory:factory.py:95 Provider `faker.providers.date_time` has been localized to `en_US`.\nDEBUG    faker.factory:factory.py:106 Provider `faker.providers.emoji` does not feature localization. Specified locale `en_US` is not utilized for this provider.\nDEBUG    faker.factory:factory.py:106 Provider `faker.providers.file` does not feature localization. Specified locale `en_US` is not utilized for this provider.\nDEBUG    faker.factory:factory.py:76 Looking for locale `en_US` in provider `faker.providers.geo`.\nDEBUG    faker.factory:factory.py:95 Provider `faker.providers.geo` has been localized to `en_US`.\nDEBUG    faker.factory:factory.py:76 Looking for locale `en_US` in provider `faker.providers.internet`.\nDEBUG    faker.factory:factory.py:95 Provider `faker.providers.internet` has been localized to `en_US`.\nDEBUG    faker.factory:factory.py:106 Provider `faker.providers.isbn` does not feature localization. Specified locale `en_US` is not utilized for this provider.\nDEBUG    faker.factory:factory.py:76 Looking for locale `en_US` in provider `faker.providers.job`.\nDEBUG    faker.factory:factory.py:95 Provider `faker.providers.job` has been localized to `en_US`.\nDEBUG    faker.factory:factory.py:76 Looking for locale `en_US` in provider `faker.providers.lorem`.\nDEBUG    faker.factory:factory.py:95 Provider `faker.providers.lorem` has been localized to `en_US`.\nDEBUG    faker.factory:factory.py:76 Looking for locale `en_US` in provider `faker.providers.misc`.\nDEBUG    faker.factory:factory.py:95 Provider `faker.providers.misc` has been localized to `en_US`.\nDEBUG    faker.factory:factory.py:76 Looking for locale `en_US` in provider `faker.providers.passport`.\nDEBUG    faker.factory:factory.py:95 Provider `faker.providers.passport` has been localized to `en_US`.\nDEBUG    faker.factory:factory.py:76 Looking for locale `en_US` in provider `faker.providers.person`.\nDEBUG    faker.factory:factory.py:95 Provider `faker.providers.person` has been localized to `en_US`.\nDEBUG    faker.factory:factory.py:76 Looking for locale `en_US` in provider `faker.providers.phone_number`.\nDEBUG    faker.factory:factory.py:95 Provider `faker.providers.phone_number` has been localized to `en_US`.\nDEBUG    faker.factory:factory.py:106 Provider `faker.providers.profile` does not feature localization. Specified locale `en_US` is not utilized for this provider.\nDEBUG    faker.factory:factory.py:106 Provider `faker.providers.python` does not feature localization. Specified locale `en_US` is not utilized for this provider.\nDEBUG    faker.factory:factory.py:106 Provider `faker.providers.sbn` does not feature localization. Specified locale `en_US` is not utilized for this provider.\nDEBUG    faker.factory:factory.py:76 Looking for locale `en_US` in provider `faker.providers.ssn`.\nDEBUG    faker.factory:factory.py:95 Provider `faker.providers.ssn` has been localized to `en_US`.\nDEBUG    faker.factory:factory.py:106 Provider `faker.providers.user_agent` does not feature localization. Specified locale `en_US` is not utilized for this provider.\nINFO     TestDemoBlazeE2E_edge:test_demoblaze_e2e.py:1142 ==================================================\nINFO     TestDemoBlazeE2E_edge:test_demoblaze_e2e.py:1143 Starting new test on EDGE\nDEBUG    selenium.webdriver.common.service:service.py:215 Started executable: `/usr/local/bin/msedgedriver` in a child process with pid: 3488\nDEBUG    selenium.webdriver.remote.remote_connection:remote_connection.py:313 POST http://localhost:54773/session {&amp;quot;capabilities&amp;quot;: {&amp;quot;firstMatch&amp;quot;: [{}], &amp;quot;alwaysMatch&amp;quot;: {&amp;quot;browserName&amp;quot;: &amp;quot;MicrosoftEdge&amp;quot;, &amp;quot;pageLoadStrategy&amp;quot;: &amp;quot;normal&amp;quot;, &amp;quot;ms:edgeOptions&amp;quot;: {&amp;quot;prefs&amp;quot;: {&amp;quot;download.default_directory&amp;quot;: &amp;quot;/home/runner/work/selenium-demoblaze-operations/selenium-demoblaze-operations/downloads&amp;quot;, &amp;quot;download.prompt_for_download&amp;quot;: false, &amp;quot;download.directory_upgrade&amp;quot;: true, &amp;quot;safebrowsing.enabled&amp;quot;: false, &amp;quot;profile.default_content_settings.popups&amp;quot;: 0, &amp;quot;profile.default_content_setting_values.notifications&amp;quot;: 2}, &amp;quot;excludeSwitches&amp;quot;: [&amp;quot;enable-logging&amp;quot;, &amp;quot;enable-automation&amp;quot;], &amp;quot;useAutomationExtension&amp;quot;: false, &amp;quot;extensions&amp;quot;: [], &amp;quot;args&amp;quot;: [&amp;quot;--headless=new&amp;quot;, &amp;quot;--window-size=1920,1080&amp;quot;, &amp;quot;--start-maximized&amp;quot;, &amp;quot;--disable-gpu&amp;quot;, &amp;quot;--no-sandbox&amp;quot;, &amp;quot;--disable-dev-shm-usage&amp;quot;, &amp;quot;--disable-software-rasterizer&amp;quot;, &amp;quot;--disable-blink-features=AutomationControlled&amp;quot;, &amp;quot;--single-process&amp;quot;, &amp;quot;--disable-features=VizDisplayCompositor&amp;quot;, &amp;quot;--disable-setuid-sandbox&amp;quot;, &amp;quot;--disable-extensions&amp;quot;, &amp;quot;--disable-popup-blocking&amp;quot;, &amp;quot;--ignore-certificate-errors&amp;quot;]}}}}\nDEBUG    urllib3.connectionpool:connectionpool.py:244 Starting new HTTP connection (1): localhost:54773\nDEBUG    urllib3.connectionpool:connectionpool.py:546 http://localhost:54773 &amp;quot;POST /session HTTP/1.1&amp;quot; 500 0\nDEBUG    selenium.webdriver.remote.remote_connection:remote_connection.py:329 Remote response: status=500 | data={&amp;quot;value&amp;quot;:{&amp;quot;error&amp;quot;:&amp;quot;session not created&amp;quot;,&amp;quot;message&amp;quot;:&amp;quot;session not created: No matching capabilities found&amp;quot;,&amp;quot;stacktrace&amp;quot;:&amp;quot;#0 0x55c1e93cdfba \\u003Cunknown&amp;gt;\\n#1 0x55c1e8e526d0 \\u003Cunknown&amp;gt;\\n#2 0x55c1e8ed6e12 \\u003Cunknown&amp;gt;\\n#3 0x55c1e8ed5f9e \\u003Cunknown&amp;gt;\\n#4 0x55c1e8ed7b72 \\u003Cunknown&amp;gt;\\n#5 0x55c1e8ed7946 \\u003Cunknown&amp;gt;\\n#6 0x55c1e8ec9c03 \\u003Cunknown&amp;gt;\\n#7 0x55c1e8e967a8 \\u003Cunknown&amp;gt;\\n#8 0x55c1e8e97421 \\u003Cunknown&amp;gt;\\n#9 0x55c1e9392b28 \\u003Cunknown&amp;gt;\\n#10 0x55c1e939687f \\u003Cunknown&amp;gt;\\n#11 0x55c1e937ac49 \\u003Cunknown&amp;gt;\\n#12 0x55c1e9397405 \\u003Cunknown&amp;gt;\\n#13 0x55c1e93604ff \\u003Cunknown&amp;gt;\\n#14 0x55c1e93bb258 \\u003Cunknown&amp;gt;\\n#15 0x55c1e93bb432 \\u003Cunknown&amp;gt;\\n#16 0x55c1e93ccfa3 \\u003Cunknown&amp;gt;\\n#17 0x7f25fa09caa4 \\u003Cunknown&amp;gt;\\n#18 0x7f25fa129c6c \\u003Cunknown&amp;gt;\\n&amp;quot;}} | headers=HTTPHeaderDict({&amp;#x27;Content-Length&amp;#x27;: &amp;#x27;776&amp;#x27;, &amp;#x27;Content-Type&amp;#x27;: &amp;#x27;application/json; charset=utf-8&amp;#x27;, &amp;#x27;cache-control&amp;#x27;: &amp;#x27;no-cache&amp;#x27;})\nDEBUG    selenium.webdriver.remote.remote_connection:remote_connection.py:356 Finished Request\nDEBUG    selenium.webdriver.common.selenium_manager:selenium_manager.py:63 Selenium Manager binary found at: /opt/hostedtoolcache/Python/3.9.23/x64/lib/python3.9/site-packages/selenium/webdriver/common/linux/selenium-manager\nDEBUG    selenium.webdriver.common.selenium_manager:selenium_manager.py:120 Executing process: /opt/hostedtoolcache/Python/3.9.23/x64/lib/python3.9/site-packages/selenium/webdriver/common/linux/selenium-manager --browser MicrosoftEdge --debug --output json\nDEBUG    selenium.webdriver.common.selenium_manager:selenium_manager.py:137 Found msedgedriver 140.0.7339.207 in PATH: /usr/local/bin/msedgedriver\nDEBUG    selenium.webdriver.common.selenium_manager:selenium_manager.py:137 MicrosoftEdge detected at /usr/bin/microsoft-edge\nDEBUG    selenium.webdriver.common.selenium_manager:selenium_manager.py:137 Running command: /usr/bin/microsoft-edge --version\nDEBUG    selenium.webdriver.common.selenium_manager:selenium_manager.py:137 Output: &amp;quot;Microsoft Edge 141.0.3537.99 &amp;quot;\nDEBUG    selenium.webdriver.common.selenium_manager:selenium_manager.py:137 Detected browser: MicrosoftEdge 141.0.3537.99\nDEBUG    selenium.webdriver.common.selenium_manager:selenium_manager.py:137 Reading msedgedriver version from https://msedgedriver.azureedge.net/LATEST_RELEASE_141_LINUX\nWARNING  selenium.webdriver.common.selenium_manager:selenium_manager.py:135 Exception managing MicrosoftEdge: error sending request for url (https://msedgedriver.azureedge.net/LATEST_RELEASE_141_LINUX): error trying to connect: dns error: failed to lookup address information: Name does not resolve\nWARNING  selenium.webdriver.common.selenium_manager:selenium_manager.py:135 The msedgedriver version (140.0.7339.207) detected in PATH at /usr/local/bin/msedgedriver might not be compatible with the detected MicrosoftEdge version (141.0.3537.99); currently, msedgedriver  is recommended for MicrosoftEdge 141.*, so it is advised to delete the driver in PATH and retry\nDEBUG    selenium.webdriver.common.selenium_manager:selenium_manager.py:137 Driver path: /usr/local/bin/msedgedriver\nDEBUG    selenium.webdriver.common.selenium_manager:selenium_manager.py:137 Browser path: /usr/bin/microsoft-edge\nDEBUG    selenium.webdriver.common.selenium_manager:selenium_manager.py:98 Using driver at: /usr/local/bin/msedgedriver\nDEBUG    selenium.webdriver.common.service:service.py:215 Started executable: `/usr/local/bin/msedgedriver` in a child process with pid: 3602\nDEBUG    selenium.webdriver.remote.remote_connection:remote_connection.py:313 POST http://localhost:57433/session {&amp;quot;capabilities&amp;quot;: {&amp;quot;firstMatch&amp;quot;: [{}], &amp;quot;alwaysMatch&amp;quot;: {&amp;quot;browserName&amp;quot;: &amp;quot;MicrosoftEdge&amp;quot;, &amp;quot;pageLoadStrategy&amp;quot;: &amp;quot;normal&amp;quot;, &amp;quot;browserVersion&amp;quot;: null, &amp;quot;ms:edgeOptions&amp;quot;: {&amp;quot;prefs&amp;quot;: {&amp;quot;download.default_directory&amp;quot;: &amp;quot;/home/runner/work/selenium-demoblaze-operations/selenium-demoblaze-operations/downloads&amp;quot;, &amp;quot;download.prompt_for_download&amp;quot;: false, &amp;quot;download.directory_upgrade&amp;quot;: true, &amp;quot;safebrowsing.enabled&amp;quot;: false, &amp;quot;profile.default_content_settings.popups&amp;quot;: 0, &amp;quot;profile.default_content_setting_values.notifications&amp;quot;: 2}, &amp;quot;excludeSwitches&amp;quot;: [&amp;quot;enable-logging&amp;quot;, &amp;quot;enable-automation&amp;quot;], &amp;quot;useAutomationExtension&amp;quot;: false, &amp;quot;extensions&amp;quot;: [], &amp;quot;binary&amp;quot;: &amp;quot;/usr/bin/microsoft-edge&amp;quot;, &amp;quot;args&amp;quot;: [&amp;quot;--headless=new&amp;quot;, &amp;quot;--window-size=1920,1080&amp;quot;, &amp;quot;--start-maximized&amp;quot;, &amp;quot;--disable-gpu&amp;quot;, &amp;quot;--no-sandbox&amp;quot;, &amp;quot;--disable-dev-shm-usage&amp;quot;, &amp;quot;--disable-software-rasterizer&amp;quot;, &amp;quot;--disable-blink-features=AutomationControlled&amp;quot;, &amp;quot;--single-process&amp;quot;, &amp;quot;--disable-features=VizDisplayCompositor&amp;quot;, &amp;quot;--disable-setuid-sandbox&amp;quot;, &amp;quot;--disable-extensions&amp;quot;, &amp;quot;--disable-popup-blocking&amp;quot;, &amp;quot;--ignore-certificate-errors&amp;quot;]}}}}\nDEBUG    urllib3.connectionpool:connectionpool.py:244 Starting new HTTP connection (1): localhost:57433\nDEBUG    urllib3.connectionpool:connectionpool.py:546 http://localhost:57433 &amp;quot;POST /session HTTP/1.1&amp;quot; 500 0\nDEBUG    selenium.webdriver.remote.remote_connection:remote_connection.py:329 Remote response: status=500 | data={&amp;quot;value&amp;quot;:{&amp;quot;error&amp;quot;:&amp;quot;session not created&amp;quot;,&amp;quot;message&amp;quot;:&amp;quot;session not created: No matching capabilities found&amp;quot;,&amp;quot;stacktrace&amp;quot;:&amp;quot;#0 0x562f9a782fba \\u003Cunknown&amp;gt;\\n#1 0x562f9a2076d0 \\u003Cunknown&amp;gt;\\n#2 0x562f9a28be12 \\u003Cunknown&amp;gt;\\n#3 0x562f9a28af9e \\u003Cunknown&amp;gt;\\n#4 0x562f9a28cb72 \\u003Cunknown&amp;gt;\\n#5 0x562f9a28c946 \\u003Cunknown&amp;gt;\\n#6 0x562f9a27ec03 \\u003Cunknown&amp;gt;\\n#7 0x562f9a24b7a8 \\u003Cunknown&amp;gt;\\n#8 0x562f9a24c421 \\u003Cunknown&amp;gt;\\n#9 0x562f9a747b28 \\u003Cunknown&amp;gt;\\n#10 0x562f9a74b87f \\u003Cunknown&amp;gt;\\n#11 0x562f9a72fc49 \\u003Cunknown&amp;gt;\\n#12 0x562f9a74c405 \\u003Cunknown&amp;gt;\\n#13 0x562f9a7154ff \\u003Cunknown&amp;gt;\\n#14 0x562f9a770258 \\u003Cunknown&amp;gt;\\n#15 0x562f9a770432 \\u003Cunknown&amp;gt;\\n#16 0x562f9a781fa3 \\u003Cunknown&amp;gt;\\n#17 0x7fb7b669caa4 \\u003Cunknown&amp;gt;\\n#18 0x7fb7b6729c6c \\u003Cunknown&amp;gt;\\n&amp;quot;}} | headers=HTTPHeaderDict({&amp;#x27;Content-Length&amp;#x27;: &amp;#x27;776&amp;#x27;, &amp;#x27;Content-Type&amp;#x27;: &amp;#x27;application/json; charset=utf-8&amp;#x27;, &amp;#x27;cache-control&amp;#x27;: &amp;#x27;no-cache&amp;#x27;})\nDEBUG    selenium.webdriver.remote.remote_connection:remote_connection.py:356 Finished Request\n&#34;}], &#34;selenium_demoblaze_framework/tests/test_demoblaze_e2e.py::TestDemoBlazeE2E::test_03_keyboard_operations[edge]&#34;: [{&#34;extras&#34;: [], &#34;result&#34;: &#34;Error&#34;, &#34;testId&#34;: &#34;selenium_demoblaze_framework/tests/test_demoblaze_e2e.py::TestDemoBlazeE2E::test_03_keyboard_operations[edge]::setup&#34;, &#34;duration&#34;: &#34;00:00:01&#34;, &#34;resultsTableRow&#34;: [&#34;&lt;td class=\&#34;col-result\&#34;&gt;Error&lt;/td&gt;&#34;, &#34;&lt;td class=\&#34;col-testId\&#34;&gt;selenium_demoblaze_framework/tests/test_demoblaze_e2e.py::TestDemoBlazeE2E::test_03_keyboard_operations[edge]::setup&lt;/td&gt;&#34;, &#34;&lt;td class=\&#34;col-duration\&#34;&gt;00:00:01&lt;/td&gt;&#34;, &#34;&lt;td class=\&#34;col-links\&#34;&gt;&lt;/td&gt;&#34;], &#34;log&#34;: &#34;[gw3] linux -- Python 3.9.23 /opt/hostedtoolcache/Python/3.9.23/x64/bin/python\nselenium_demoblaze_framework/config/browser_config.py:185: in get_driver\n    driver = webdriver.Edge(service=service, options=self.get_edge_options())\n/opt/hostedtoolcache/Python/3.9.23/x64/lib/python3.9/site-packages/selenium/webdriver/edge/webdriver.py:45: in __init__\n    super().__init__(\n/opt/hostedtoolcache/Python/3.9.23/x64/lib/python3.9/site-packages/selenium/webdriver/chromium/webdriver.py:56: in __init__\n    super().__init__(\n/opt/hostedtoolcache/Python/3.9.23/x64/lib/python3.9/site-packages/selenium/webdriver/remote/webdriver.py:207: in __init__\n    self.start_session(capabilities)\n/opt/hostedtoolcache/Python/3.9.23/x64/lib/python3.9/site-packages/selenium/webdriver/remote/webdriver.py:291: in start_session\n    response = self.execute(Command.NEW_SESSION, caps)[&amp;quot;value&amp;quot;]\n/opt/hostedtoolcache/Python/3.9.23/x64/lib/python3.9/site-packages/selenium/webdriver/remote/webdriver.py:346: in execute\n    self.error_handler.check_response(response)\n/opt/hostedtoolcache/Python/3.9.23/x64/lib/python3.9/site-packages/selenium/webdriver/remote/errorhandler.py:229: in check_response\n    raise exception_class(message, screen, stacktrace)\nE   selenium.common.exceptions.SessionNotCreatedException: Message: session not created: No matching capabilities found\nE   Stacktrace:\nE   #0 0x562227d91fba &amp;lt;unknown&amp;gt;\nE   #1 0x5622278166d0 &amp;lt;unknown&amp;gt;\nE   #2 0x56222789ae12 &amp;lt;unknown&amp;gt;\nE   #3 0x562227899f9e &amp;lt;unknown&amp;gt;\nE   #4 0x56222789bb72 &amp;lt;unknown&amp;gt;\nE   #5 0x56222789b946 &amp;lt;unknown&amp;gt;\nE   #6 0x56222788dc03 &amp;lt;unknown&amp;gt;\nE   #7 0x56222785a7a8 &amp;lt;unknown&amp;gt;\nE   #8 0x56222785b421 &amp;lt;unknown&amp;gt;\nE   #9 0x562227d56b28 &amp;lt;unknown&amp;gt;\nE   #10 0x562227d5a87f &amp;lt;unknown&amp;gt;\nE   #11 0x562227d3ec49 &amp;lt;unknown&amp;gt;\nE   #12 0x562227d5b405 &amp;lt;unknown&amp;gt;\nE   #13 0x562227d244ff &amp;lt;unknown&amp;gt;\nE   #14 0x562227d7f258 &amp;lt;unknown&amp;gt;\nE   #15 0x562227d7f432 &amp;lt;unknown&amp;gt;\nE   #16 0x562227d90fa3 &amp;lt;unknown&amp;gt;\nE   #17 0x7f1b5949caa4 &amp;lt;unknown&amp;gt;\nE   #18 0x7f1b59529c6c &amp;lt;unknown&amp;gt;\n\nDuring handling of the above exception, another exception occurred:\nselenium_demoblaze_framework/tests/test_demoblaze_e2e.py:1147: in setup_and_teardown\n    self.driver = self.browser_config.get_driver(browser_name)\nselenium_demoblaze_framework/config/browser_config.py:191: in get_driver\n    driver = webdriver.Edge(service=service, options=self.get_edge_options())\n/opt/hostedtoolcache/Python/3.9.23/x64/lib/python3.9/site-packages/selenium/webdriver/edge/webdriver.py:45: in __init__\n    super().__init__(\n/opt/hostedtoolcache/Python/3.9.23/x64/lib/python3.9/site-packages/selenium/webdriver/chromium/webdriver.py:56: in __init__\n    super().__init__(\n/opt/hostedtoolcache/Python/3.9.23/x64/lib/python3.9/site-packages/selenium/webdriver/remote/webdriver.py:207: in __init__\n    self.start_session(capabilities)\n/opt/hostedtoolcache/Python/3.9.23/x64/lib/python3.9/site-packages/selenium/webdriver/remote/webdriver.py:291: in start_session\n    response = self.execute(Command.NEW_SESSION, caps)[&amp;quot;value&amp;quot;]\n/opt/hostedtoolcache/Python/3.9.23/x64/lib/python3.9/site-packages/selenium/webdriver/remote/webdriver.py:346: in execute\n    self.error_handler.check_response(response)\n/opt/hostedtoolcache/Python/3.9.23/x64/lib/python3.9/site-packages/selenium/webdriver/remote/errorhandler.py:229: in check_response\n    raise exception_class(message, screen, stacktrace)\nE   selenium.common.exceptions.SessionNotCreatedException: Message: session not created: No matching capabilities found\nE   Stacktrace:\nE   #0 0x561335630fba &amp;lt;unknown&amp;gt;\nE   #1 0x5613350b56d0 &amp;lt;unknown&amp;gt;\nE   #2 0x561335139e12 &amp;lt;unknown&amp;gt;\nE   #3 0x561335138f9e &amp;lt;unknown&amp;gt;\nE   #4 0x56133513ab72 &amp;lt;unknown&amp;gt;\nE   #5 0x56133513a946 &amp;lt;unknown&amp;gt;\nE   #6 0x56133512cc03 &amp;lt;unknown&amp;gt;\nE   #7 0x5613350f97a8 &amp;lt;unknown&amp;gt;\nE   #8 0x5613350fa421 &amp;lt;unknown&amp;gt;\nE   #9 0x5613355f5b28 &amp;lt;unknown&amp;gt;\nE   #10 0x5613355f987f &amp;lt;unknown&amp;gt;\nE   #11 0x5613355ddc49 &amp;lt;unknown&amp;gt;\nE   #12 0x5613355fa405 &amp;lt;unknown&amp;gt;\nE   #13 0x5613355c34ff &amp;lt;unknown&amp;gt;\nE   #14 0x56133561e258 &amp;lt;unknown&amp;gt;\nE   #15 0x56133561e432 &amp;lt;unknown&amp;gt;\nE   #16 0x56133562ffa3 &amp;lt;unknown&amp;gt;\nE   #17 0x7f1eca89caa4 &amp;lt;unknown&amp;gt;\nE   #18 0x7f1eca929c6c &amp;lt;unknown&amp;gt;\n\n---------------------------- Captured stdout setup -----------------------------\n\n============================================================\nPYTEST SESSION STARTED - Browser: EDGE\n============================================================\n\n[BrowserConfig] Initializing edge driver...\n[BrowserConfig] Failed with system driver: Message: session not created: No matching capabilities found\nStacktrace:\n#0 0x562227d91fba &amp;lt;unknown&amp;gt;\n#1 0x5622278166d0 &amp;lt;unknown&amp;gt;\n#2 0x56222789ae12 &amp;lt;unknown&amp;gt;\n#3 0x562227899f9e &amp;lt;unknown&amp;gt;\n#4 0x56222789bb72 &amp;lt;unknown&amp;gt;\n#5 0x56222789b946 &amp;lt;unknown&amp;gt;\n#6 0x56222788dc03 &amp;lt;unknown&amp;gt;\n#7 0x56222785a7a8 &amp;lt;unknown&amp;gt;\n#8 0x56222785b421 &amp;lt;unknown&amp;gt;\n#9 0x562227d56b28 &amp;lt;unknown&amp;gt;\n#10 0x562227d5a87f &amp;lt;unknown&amp;gt;\n#11 0x562227d3ec49 &amp;lt;unknown&amp;gt;\n#12 0x562227d5b405 &amp;lt;unknown&amp;gt;\n#13 0x562227d244ff &amp;lt;unknown&amp;gt;\n#14 0x562227d7f258 &amp;lt;unknown&amp;gt;\n#15 0x562227d7f432 &amp;lt;unknown&amp;gt;\n#16 0x562227d90fa3 &amp;lt;unknown&amp;gt;\n#17 0x7f1b5949caa4 &amp;lt;unknown&amp;gt;\n#18 0x7f1b59529c6c &amp;lt;unknown&amp;gt;\n\n\n---------------------------- Captured stderr setup -----------------------------\n2025-10-23 18:19:11 - TestDemoBlazeE2E_edge - INFO - setup_and_teardown - ==================================================\n2025-10-23 18:19:11 - TestDemoBlazeE2E_edge - INFO - setup_and_teardown - Starting new test on EDGE\n\n------------------------------ Captured log setup ------------------------------\nDEBUG    faker.factory:factory.py:76 Looking for locale `en_US` in provider `faker.providers.address`.\nDEBUG    faker.factory:factory.py:95 Provider `faker.providers.address` has been localized to `en_US`.\nDEBUG    faker.factory:factory.py:76 Looking for locale `en_US` in provider `faker.providers.automotive`.\nDEBUG    faker.factory:factory.py:95 Provider `faker.providers.automotive` has been localized to `en_US`.\nDEBUG    faker.factory:factory.py:76 Looking for locale `en_US` in provider `faker.providers.bank`.\nDEBUG    faker.factory:factory.py:86 Specified locale `en_US` is not available for provider `faker.providers.bank`. Locale reset to `en_GB` for this provider.\nDEBUG    faker.factory:factory.py:76 Looking for locale `en_US` in provider `faker.providers.barcode`.\nDEBUG    faker.factory:factory.py:95 Provider `faker.providers.barcode` has been localized to `en_US`.\nDEBUG    faker.factory:factory.py:76 Looking for locale `en_US` in provider `faker.providers.color`.\nDEBUG    faker.factory:factory.py:95 Provider `faker.providers.color` has been localized to `en_US`.\nDEBUG    faker.factory:factory.py:76 Looking for locale `en_US` in provider `faker.providers.company`.\nDEBUG    faker.factory:factory.py:95 Provider `faker.providers.company` has been localized to `en_US`.\nDEBUG    faker.factory:factory.py:76 Looking for locale `en_US` in provider `faker.providers.credit_card`.\nDEBUG    faker.factory:factory.py:95 Provider `faker.providers.credit_card` has been localized to `en_US`.\nDEBUG    faker.factory:factory.py:76 Looking for locale `en_US` in provider `faker.providers.currency`.\nDEBUG    faker.factory:factory.py:95 Provider `faker.providers.currency` has been localized to `en_US`.\nDEBUG    faker.factory:factory.py:76 Looking for locale `en_US` in provider `faker.providers.date_time`.\nDEBUG    faker.factory:factory.py:95 Provider `faker.providers.date_time` has been localized to `en_US`.\nDEBUG    faker.factory:factory.py:106 Provider `faker.providers.emoji` does not feature localization. Specified locale `en_US` is not utilized for this provider.\nDEBUG    faker.factory:factory.py:106 Provider `faker.providers.file` does not feature localization. Specified locale `en_US` is not utilized for this provider.\nDEBUG    faker.factory:factory.py:76 Looking for locale `en_US` in provider `faker.providers.geo`.\nDEBUG    faker.factory:factory.py:95 Provider `faker.providers.geo` has been localized to `en_US`.\nDEBUG    faker.factory:factory.py:76 Looking for locale `en_US` in provider `faker.providers.internet`.\nDEBUG    faker.factory:factory.py:95 Provider `faker.providers.internet` has been localized to `en_US`.\nDEBUG    faker.factory:factory.py:106 Provider `faker.providers.isbn` does not feature localization. Specified locale `en_US` is not utilized for this provider.\nDEBUG    faker.factory:factory.py:76 Looking for locale `en_US` in provider `faker.providers.job`.\nDEBUG    faker.factory:factory.py:95 Provider `faker.providers.job` has been localized to `en_US`.\nDEBUG    faker.factory:factory.py:76 Looking for locale `en_US` in provider `faker.providers.lorem`.\nDEBUG    faker.factory:factory.py:95 Provider `faker.providers.lorem` has been localized to `en_US`.\nDEBUG    faker.factory:factory.py:76 Looking for locale `en_US` in provider `faker.providers.misc`.\nDEBUG    faker.factory:factory.py:95 Provider `faker.providers.misc` has been localized to `en_US`.\nDEBUG    faker.factory:factory.py:76 Looking for locale `en_US` in provider `faker.providers.passport`.\nDEBUG    faker.factory:factory.py:95 Provider `faker.providers.passport` has been localized to `en_US`.\nDEBUG    faker.factory:factory.py:76 Looking for locale `en_US` in provider `faker.providers.person`.\nDEBUG    faker.factory:factory.py:95 Provider `faker.providers.person` has been localized to `en_US`.\nDEBUG    faker.factory:factory.py:76 Looking for locale `en_US` in provider `faker.providers.phone_number`.\nDEBUG    faker.factory:factory.py:95 Provider `faker.providers.phone_number` has been localized to `en_US`.\nDEBUG    faker.factory:factory.py:106 Provider `faker.providers.profile` does not feature localization. Specified locale `en_US` is not utilized for this provider.\nDEBUG    faker.factory:factory.py:106 Provider `faker.providers.python` does not feature localization. Specified locale `en_US` is not utilized for this provider.\nDEBUG    faker.factory:factory.py:106 Provider `faker.providers.sbn` does not feature localization. Specified locale `en_US` is not utilized for this provider.\nDEBUG    faker.factory:factory.py:76 Looking for locale `en_US` in provider `faker.providers.ssn`.\nDEBUG    faker.factory:factory.py:95 Provider `faker.providers.ssn` has been localized to `en_US`.\nDEBUG    faker.factory:factory.py:106 Provider `faker.providers.user_agent` does not feature localization. Specified locale `en_US` is not utilized for this provider.\nINFO     TestDemoBlazeE2E_edge:test_demoblaze_e2e.py:1142 ==================================================\nINFO     TestDemoBlazeE2E_edge:test_demoblaze_e2e.py:1143 Starting new test on EDGE\nDEBUG    selenium.webdriver.common.service:service.py:215 Started executable: `/usr/local/bin/msedgedriver` in a child process with pid: 3487\nDEBUG    selenium.webdriver.remote.remote_connection:remote_connection.py:313 POST http://localhost:38627/session {&amp;quot;capabilities&amp;quot;: {&amp;quot;firstMatch&amp;quot;: [{}], &amp;quot;alwaysMatch&amp;quot;: {&amp;quot;browserName&amp;quot;: &amp;quot;MicrosoftEdge&amp;quot;, &amp;quot;pageLoadStrategy&amp;quot;: &amp;quot;normal&amp;quot;, &amp;quot;ms:edgeOptions&amp;quot;: {&amp;quot;prefs&amp;quot;: {&amp;quot;download.default_directory&amp;quot;: &amp;quot;/home/runner/work/selenium-demoblaze-operations/selenium-demoblaze-operations/downloads&amp;quot;, &amp;quot;download.prompt_for_download&amp;quot;: false, &amp;quot;download.directory_upgrade&amp;quot;: true, &amp;quot;safebrowsing.enabled&amp;quot;: false, &amp;quot;profile.default_content_settings.popups&amp;quot;: 0, &amp;quot;profile.default_content_setting_values.notifications&amp;quot;: 2}, &amp;quot;excludeSwitches&amp;quot;: [&amp;quot;enable-logging&amp;quot;, &amp;quot;enable-automation&amp;quot;], &amp;quot;useAutomationExtension&amp;quot;: false, &amp;quot;extensions&amp;quot;: [], &amp;quot;args&amp;quot;: [&amp;quot;--headless=new&amp;quot;, &amp;quot;--window-size=1920,1080&amp;quot;, &amp;quot;--start-maximized&amp;quot;, &amp;quot;--disable-gpu&amp;quot;, &amp;quot;--no-sandbox&amp;quot;, &amp;quot;--disable-dev-shm-usage&amp;quot;, &amp;quot;--disable-software-rasterizer&amp;quot;, &amp;quot;--disable-blink-features=AutomationControlled&amp;quot;, &amp;quot;--single-process&amp;quot;, &amp;quot;--disable-features=VizDisplayCompositor&amp;quot;, &amp;quot;--disable-setuid-sandbox&amp;quot;, &amp;quot;--disable-extensions&amp;quot;, &amp;quot;--disable-popup-blocking&amp;quot;, &amp;quot;--ignore-certificate-errors&amp;quot;]}}}}\nDEBUG    urllib3.connectionpool:connectionpool.py:244 Starting new HTTP connection (1): localhost:38627\nDEBUG    urllib3.connectionpool:connectionpool.py:546 http://localhost:38627 &amp;quot;POST /session HTTP/1.1&amp;quot; 500 0\nDEBUG    selenium.webdriver.remote.remote_connection:remote_connection.py:329 Remote response: status=500 | data={&amp;quot;value&amp;quot;:{&amp;quot;error&amp;quot;:&amp;quot;session not created&amp;quot;,&amp;quot;message&amp;quot;:&amp;quot;session not created: No matching capabilities found&amp;quot;,&amp;quot;stacktrace&amp;quot;:&amp;quot;#0 0x562227d91fba \\u003Cunknown&amp;gt;\\n#1 0x5622278166d0 \\u003Cunknown&amp;gt;\\n#2 0x56222789ae12 \\u003Cunknown&amp;gt;\\n#3 0x562227899f9e \\u003Cunknown&amp;gt;\\n#4 0x56222789bb72 \\u003Cunknown&amp;gt;\\n#5 0x56222789b946 \\u003Cunknown&amp;gt;\\n#6 0x56222788dc03 \\u003Cunknown&amp;gt;\\n#7 0x56222785a7a8 \\u003Cunknown&amp;gt;\\n#8 0x56222785b421 \\u003Cunknown&amp;gt;\\n#9 0x562227d56b28 \\u003Cunknown&amp;gt;\\n#10 0x562227d5a87f \\u003Cunknown&amp;gt;\\n#11 0x562227d3ec49 \\u003Cunknown&amp;gt;\\n#12 0x562227d5b405 \\u003Cunknown&amp;gt;\\n#13 0x562227d244ff \\u003Cunknown&amp;gt;\\n#14 0x562227d7f258 \\u003Cunknown&amp;gt;\\n#15 0x562227d7f432 \\u003Cunknown&amp;gt;\\n#16 0x562227d90fa3 \\u003Cunknown&amp;gt;\\n#17 0x7f1b5949caa4 \\u003Cunknown&amp;gt;\\n#18 0x7f1b59529c6c \\u003Cunknown&amp;gt;\\n&amp;quot;}} | headers=HTTPHeaderDict({&amp;#x27;Content-Length&amp;#x27;: &amp;#x27;776&amp;#x27;, &amp;#x27;Content-Type&amp;#x27;: &amp;#x27;application/json; charset=utf-8&amp;#x27;, &amp;#x27;cache-control&amp;#x27;: &amp;#x27;no-cache&amp;#x27;})\nDEBUG    selenium.webdriver.remote.remote_connection:remote_connection.py:356 Finished Request\nDEBUG    selenium.webdriver.common.selenium_manager:selenium_manager.py:63 Selenium Manager binary found at: /opt/hostedtoolcache/Python/3.9.23/x64/lib/python3.9/site-packages/selenium/webdriver/common/linux/selenium-manager\nDEBUG    selenium.webdriver.common.selenium_manager:selenium_manager.py:120 Executing process: /opt/hostedtoolcache/Python/3.9.23/x64/lib/python3.9/site-packages/selenium/webdriver/common/linux/selenium-manager --browser MicrosoftEdge --debug --output json\nDEBUG    selenium.webdriver.common.selenium_manager:selenium_manager.py:137 Found msedgedriver 140.0.7339.207 in PATH: /usr/local/bin/msedgedriver\nDEBUG    selenium.webdriver.common.selenium_manager:selenium_manager.py:137 MicrosoftEdge detected at /usr/bin/microsoft-edge\nDEBUG    selenium.webdriver.common.selenium_manager:selenium_manager.py:137 Running command: /usr/bin/microsoft-edge --version\nDEBUG    selenium.webdriver.common.selenium_manager:selenium_manager.py:137 Output: &amp;quot;Microsoft Edge 141.0.3537.99 &amp;quot;\nDEBUG    selenium.webdriver.common.selenium_manager:selenium_manager.py:137 Detected browser: MicrosoftEdge 141.0.3537.99\nDEBUG    selenium.webdriver.common.selenium_manager:selenium_manager.py:137 Reading msedgedriver version from https://msedgedriver.azureedge.net/LATEST_RELEASE_141_LINUX\nWARNING  selenium.webdriver.common.selenium_manager:selenium_manager.py:135 Exception managing MicrosoftEdge: error sending request for url (https://msedgedriver.azureedge.net/LATEST_RELEASE_141_LINUX): error trying to connect: dns error: failed to lookup address information: Name does not resolve\nWARNING  selenium.webdriver.common.selenium_manager:selenium_manager.py:135 The msedgedriver version (140.0.7339.207) detected in PATH at /usr/local/bin/msedgedriver might not be compatible with the detected MicrosoftEdge version (141.0.3537.99); currently, msedgedriver  is recommended for MicrosoftEdge 141.*, so it is advised to delete the driver in PATH and retry\nDEBUG    selenium.webdriver.common.selenium_manager:selenium_manager.py:137 Driver path: /usr/local/bin/msedgedriver\nDEBUG    selenium.webdriver.common.selenium_manager:selenium_manager.py:137 Browser path: /usr/bin/microsoft-edge\nDEBUG    selenium.webdriver.common.selenium_manager:selenium_manager.py:98 Using driver at: /usr/local/bin/msedgedriver\nDEBUG    selenium.webdriver.common.service:service.py:215 Started executable: `/usr/local/bin/msedgedriver` in a child process with pid: 3599\nDEBUG    selenium.webdriver.remote.remote_connection:remote_connection.py:313 POST http://localhost:39351/session {&amp;quot;capabilities&amp;quot;: {&amp;quot;firstMatch&amp;quot;: [{}], &amp;quot;alwaysMatch&amp;quot;: {&amp;quot;browserName&amp;quot;: &amp;quot;MicrosoftEdge&amp;quot;, &amp;quot;pageLoadStrategy&amp;quot;: &amp;quot;normal&amp;quot;, &amp;quot;browserVersion&amp;quot;: null, &amp;quot;ms:edgeOptions&amp;quot;: {&amp;quot;prefs&amp;quot;: {&amp;quot;download.default_directory&amp;quot;: &amp;quot;/home/runner/work/selenium-demoblaze-operations/selenium-demoblaze-operations/downloads&amp;quot;, &amp;quot;download.prompt_for_download&amp;quot;: false, &amp;quot;download.directory_upgrade&amp;quot;: true, &amp;quot;safebrowsing.enabled&amp;quot;: false, &amp;quot;profile.default_content_settings.popups&amp;quot;: 0, &amp;quot;profile.default_content_setting_values.notifications&amp;quot;: 2}, &amp;quot;excludeSwitches&amp;quot;: [&amp;quot;enable-logging&amp;quot;, &amp;quot;enable-automation&amp;quot;], &amp;quot;useAutomationExtension&amp;quot;: false, &amp;quot;extensions&amp;quot;: [], &amp;quot;binary&amp;quot;: &amp;quot;/usr/bin/microsoft-edge&amp;quot;, &amp;quot;args&amp;quot;: [&amp;quot;--headless=new&amp;quot;, &amp;quot;--window-size=1920,1080&amp;quot;, &amp;quot;--start-maximized&amp;quot;, &amp;quot;--disable-gpu&amp;quot;, &amp;quot;--no-sandbox&amp;quot;, &amp;quot;--disable-dev-shm-usage&amp;quot;, &amp;quot;--disable-software-rasterizer&amp;quot;, &amp;quot;--disable-blink-features=AutomationControlled&amp;quot;, &amp;quot;--single-process&amp;quot;, &amp;quot;--disable-features=VizDisplayCompositor&amp;quot;, &amp;quot;--disable-setuid-sandbox&amp;quot;, &amp;quot;--disable-extensions&amp;quot;, &amp;quot;--disable-popup-blocking&amp;quot;, &amp;quot;--ignore-certificate-errors&amp;quot;]}}}}\nDEBUG    urllib3.connectionpool:connectionpool.py:244 Starting new HTTP connection (1): localhost:39351\nDEBUG    urllib3.connectionpool:connectionpool.py:546 http://localhost:39351 &amp;quot;POST /session HTTP/1.1&amp;quot; 500 0\nDEBUG    selenium.webdriver.remote.remote_connection:remote_connection.py:329 Remote response: status=500 | data={&amp;quot;value&amp;quot;:{&amp;quot;error&amp;quot;:&amp;quot;session not created&amp;quot;,&amp;quot;message&amp;quot;:&amp;quot;session not created: No matching capabilities found&amp;quot;,&amp;quot;stacktrace&amp;quot;:&amp;quot;#0 0x561335630fba \\u003Cunknown&amp;gt;\\n#1 0x5613350b56d0 \\u003Cunknown&amp;gt;\\n#2 0x561335139e12 \\u003Cunknown&amp;gt;\\n#3 0x561335138f9e \\u003Cunknown&amp;gt;\\n#4 0x56133513ab72 \\u003Cunknown&amp;gt;\\n#5 0x56133513a946 \\u003Cunknown&amp;gt;\\n#6 0x56133512cc03 \\u003Cunknown&amp;gt;\\n#7 0x5613350f97a8 \\u003Cunknown&amp;gt;\\n#8 0x5613350fa421 \\u003Cunknown&amp;gt;\\n#9 0x5613355f5b28 \\u003Cunknown&amp;gt;\\n#10 0x5613355f987f \\u003Cunknown&amp;gt;\\n#11 0x5613355ddc49 \\u003Cunknown&amp;gt;\\n#12 0x5613355fa405 \\u003Cunknown&amp;gt;\\n#13 0x5613355c34ff \\u003Cunknown&amp;gt;\\n#14 0x56133561e258 \\u003Cunknown&amp;gt;\\n#15 0x56133561e432 \\u003Cunknown&amp;gt;\\n#16 0x56133562ffa3 \\u003Cunknown&amp;gt;\\n#17 0x7f1eca89caa4 \\u003Cunknown&amp;gt;\\n#18 0x7f1eca929c6c \\u003Cunknown&amp;gt;\\n&amp;quot;}} | headers=HTTPHeaderDict({&amp;#x27;Content-Length&amp;#x27;: &amp;#x27;776&amp;#x27;, &amp;#x27;Content-Type&amp;#x27;: &amp;#x27;application/json; charset=utf-8&amp;#x27;, &amp;#x27;cache-control&amp;#x27;: &amp;#x27;no-cache&amp;#x27;})\nDEBUG    selenium.webdriver.remote.remote_connection:remote_connection.py:356 Finished Request\n&#34;}], &#34;selenium_demoblaze_framework/tests/test_demoblaze_e2e.py::TestDemoBlazeE2E::test_01_browser_windows_and_tabs[edge]&#34;: [{&#34;extras&#34;: [], &#34;result&#34;: &#34;Error&#34;, &#34;testId&#34;: &#34;selenium_demoblaze_framework/tests/test_demoblaze_e2e.py::TestDemoBlazeE2E::test_01_browser_windows_and_tabs[edge]::setup&#34;, &#34;duration&#34;: &#34;00:00:01&#34;, &#34;resultsTableRow&#34;: [&#34;&lt;td class=\&#34;col-result\&#34;&gt;Error&lt;/td&gt;&#34;, &#34;&lt;td class=\&#34;col-testId\&#34;&gt;selenium_demoblaze_framework/tests/test_demoblaze_e2e.py::TestDemoBlazeE2E::test_01_browser_windows_and_tabs[edge]::setup&lt;/td&gt;&#34;, &#34;&lt;td class=\&#34;col-duration\&#34;&gt;00:00:01&lt;/td&gt;&#34;, &#34;&lt;td class=\&#34;col-links\&#34;&gt;&lt;/td&gt;&#34;], &#34;log&#34;: &#34;[gw1] linux -- Python 3.9.23 /opt/hostedtoolcache/Python/3.9.23/x64/bin/python\nselenium_demoblaze_framework/config/browser_config.py:185: in get_driver\n    driver = webdriver.Edge(service=service, options=self.get_edge_options())\n/opt/hostedtoolcache/Python/3.9.23/x64/lib/python3.9/site-packages/selenium/webdriver/edge/webdriver.py:45: in __init__\n    super().__init__(\n/opt/hostedtoolcache/Python/3.9.23/x64/lib/python3.9/site-packages/selenium/webdriver/chromium/webdriver.py:56: in __init__\n    super().__init__(\n/opt/hostedtoolcache/Python/3.9.23/x64/lib/python3.9/site-packages/selenium/webdriver/remote/webdriver.py:207: in __init__\n    self.start_session(capabilities)\n/opt/hostedtoolcache/Python/3.9.23/x64/lib/python3.9/site-packages/selenium/webdriver/remote/webdriver.py:291: in start_session\n    response = self.execute(Command.NEW_SESSION, caps)[&amp;quot;value&amp;quot;]\n/opt/hostedtoolcache/Python/3.9.23/x64/lib/python3.9/site-packages/selenium/webdriver/remote/webdriver.py:346: in execute\n    self.error_handler.check_response(response)\n/opt/hostedtoolcache/Python/3.9.23/x64/lib/python3.9/site-packages/selenium/webdriver/remote/errorhandler.py:229: in check_response\n    raise exception_class(message, screen, stacktrace)\nE   selenium.common.exceptions.SessionNotCreatedException: Message: session not created: No matching capabilities found\nE   Stacktrace:\nE   #0 0x561678c31fba &amp;lt;unknown&amp;gt;\nE   #1 0x5616786b66d0 &amp;lt;unknown&amp;gt;\nE   #2 0x56167873ae12 &amp;lt;unknown&amp;gt;\nE   #3 0x561678739f9e &amp;lt;unknown&amp;gt;\nE   #4 0x56167873bb72 &amp;lt;unknown&amp;gt;\nE   #5 0x56167873b946 &amp;lt;unknown&amp;gt;\nE   #6 0x56167872dc03 &amp;lt;unknown&amp;gt;\nE   #7 0x5616786fa7a8 &amp;lt;unknown&amp;gt;\nE   #8 0x5616786fb421 &amp;lt;unknown&amp;gt;\nE   #9 0x561678bf6b28 &amp;lt;unknown&amp;gt;\nE   #10 0x561678bfa87f &amp;lt;unknown&amp;gt;\nE   #11 0x561678bdec49 &amp;lt;unknown&amp;gt;\nE   #12 0x561678bfb405 &amp;lt;unknown&amp;gt;\nE   #13 0x561678bc44ff &amp;lt;unknown&amp;gt;\nE   #14 0x561678c1f258 &amp;lt;unknown&amp;gt;\nE   #15 0x561678c1f432 &amp;lt;unknown&amp;gt;\nE   #16 0x561678c30fa3 &amp;lt;unknown&amp;gt;\nE   #17 0x7f88b049caa4 &amp;lt;unknown&amp;gt;\nE   #18 0x7f88b0529c6c &amp;lt;unknown&amp;gt;\n\nDuring handling of the above exception, another exception occurred:\nselenium_demoblaze_framework/tests/test_demoblaze_e2e.py:1147: in setup_and_teardown\n    self.driver = self.browser_config.get_driver(browser_name)\nselenium_demoblaze_framework/config/browser_config.py:191: in get_driver\n    driver = webdriver.Edge(service=service, options=self.get_edge_options())\n/opt/hostedtoolcache/Python/3.9.23/x64/lib/python3.9/site-packages/selenium/webdriver/edge/webdriver.py:45: in __init__\n    super().__init__(\n/opt/hostedtoolcache/Python/3.9.23/x64/lib/python3.9/site-packages/selenium/webdriver/chromium/webdriver.py:56: in __init__\n    super().__init__(\n/opt/hostedtoolcache/Python/3.9.23/x64/lib/python3.9/site-packages/selenium/webdriver/remote/webdriver.py:207: in __init__\n    self.start_session(capabilities)\n/opt/hostedtoolcache/Python/3.9.23/x64/lib/python3.9/site-packages/selenium/webdriver/remote/webdriver.py:291: in start_session\n    response = self.execute(Command.NEW_SESSION, caps)[&amp;quot;value&amp;quot;]\n/opt/hostedtoolcache/Python/3.9.23/x64/lib/python3.9/site-packages/selenium/webdriver/remote/webdriver.py:346: in execute\n    self.error_handler.check_response(response)\n/opt/hostedtoolcache/Python/3.9.23/x64/lib/python3.9/site-packages/selenium/webdriver/remote/errorhandler.py:229: in check_response\n    raise exception_class(message, screen, stacktrace)\nE   selenium.common.exceptions.SessionNotCreatedException: Message: session not created: No matching capabilities found\nE   Stacktrace:\nE   #0 0x55da4371ffba &amp;lt;unknown&amp;gt;\nE   #1 0x55da431a46d0 &amp;lt;unknown&amp;gt;\nE   #2 0x55da43228e12 &amp;lt;unknown&amp;gt;\nE   #3 0x55da43227f9e &amp;lt;unknown&amp;gt;\nE   #4 0x55da43229b72 &amp;lt;unknown&amp;gt;\nE   #5 0x55da43229946 &amp;lt;unknown&amp;gt;\nE   #6 0x55da4321bc03 &amp;lt;unknown&amp;gt;\nE   #7 0x55da431e87a8 &amp;lt;unknown&amp;gt;\nE   #8 0x55da431e9421 &amp;lt;unknown&amp;gt;\nE   #9 0x55da436e4b28 &amp;lt;unknown&amp;gt;\nE   #10 0x55da436e887f &amp;lt;unknown&amp;gt;\nE   #11 0x55da436ccc49 &amp;lt;unknown&amp;gt;\nE   #12 0x55da436e9405 &amp;lt;unknown&amp;gt;\nE   #13 0x55da436b24ff &amp;lt;unknown&amp;gt;\nE   #14 0x55da4370d258 &amp;lt;unknown&amp;gt;\nE   #15 0x55da4370d432 &amp;lt;unknown&amp;gt;\nE   #16 0x55da4371efa3 &amp;lt;unknown&amp;gt;\nE   #17 0x7f858ac9caa4 &amp;lt;unknown&amp;gt;\nE   #18 0x7f858ad29c6c &amp;lt;unknown&amp;gt;\n\n---------------------------- Captured stdout setup -----------------------------\n\n============================================================\nPYTEST SESSION STARTED - Browser: EDGE\n============================================================\n\n[BrowserConfig] Initializing edge driver...\n[BrowserConfig] Failed with system driver: Message: session not created: No matching capabilities found\nStacktrace:\n#0 0x561678c31fba &amp;lt;unknown&amp;gt;\n#1 0x5616786b66d0 &amp;lt;unknown&amp;gt;\n#2 0x56167873ae12 &amp;lt;unknown&amp;gt;\n#3 0x561678739f9e &amp;lt;unknown&amp;gt;\n#4 0x56167873bb72 &amp;lt;unknown&amp;gt;\n#5 0x56167873b946 &amp;lt;unknown&amp;gt;\n#6 0x56167872dc03 &amp;lt;unknown&amp;gt;\n#7 0x5616786fa7a8 &amp;lt;unknown&amp;gt;\n#8 0x5616786fb421 &amp;lt;unknown&amp;gt;\n#9 0x561678bf6b28 &amp;lt;unknown&amp;gt;\n#10 0x561678bfa87f &amp;lt;unknown&amp;gt;\n#11 0x561678bdec49 &amp;lt;unknown&amp;gt;\n#12 0x561678bfb405 &amp;lt;unknown&amp;gt;\n#13 0x561678bc44ff &amp;lt;unknown&amp;gt;\n#14 0x561678c1f258 &amp;lt;unknown&amp;gt;\n#15 0x561678c1f432 &amp;lt;unknown&amp;gt;\n#16 0x561678c30fa3 &amp;lt;unknown&amp;gt;\n#17 0x7f88b049caa4 &amp;lt;unknown&amp;gt;\n#18 0x7f88b0529c6c &amp;lt;unknown&amp;gt;\n\n\n---------------------------- Captured stderr setup -----------------------------\n2025-10-23 18:19:11 - TestDemoBlazeE2E_edge - INFO - setup_and_teardown - ==================================================\n2025-10-23 18:19:11 - TestDemoBlazeE2E_edge - INFO - setup_and_teardown - Starting new test on EDGE\n\n------------------------------ Captured log setup ------------------------------\nDEBUG    faker.factory:factory.py:76 Looking for locale `en_US` in provider `faker.providers.address`.\nDEBUG    faker.factory:factory.py:95 Provider `faker.providers.address` has been localized to `en_US`.\nDEBUG    faker.factory:factory.py:76 Looking for locale `en_US` in provider `faker.providers.automotive`.\nDEBUG    faker.factory:factory.py:95 Provider `faker.providers.automotive` has been localized to `en_US`.\nDEBUG    faker.factory:factory.py:76 Looking for locale `en_US` in provider `faker.providers.bank`.\nDEBUG    faker.factory:factory.py:86 Specified locale `en_US` is not available for provider `faker.providers.bank`. Locale reset to `en_GB` for this provider.\nDEBUG    faker.factory:factory.py:76 Looking for locale `en_US` in provider `faker.providers.barcode`.\nDEBUG    faker.factory:factory.py:95 Provider `faker.providers.barcode` has been localized to `en_US`.\nDEBUG    faker.factory:factory.py:76 Looking for locale `en_US` in provider `faker.providers.color`.\nDEBUG    faker.factory:factory.py:95 Provider `faker.providers.color` has been localized to `en_US`.\nDEBUG    faker.factory:factory.py:76 Looking for locale `en_US` in provider `faker.providers.company`.\nDEBUG    faker.factory:factory.py:95 Provider `faker.providers.company` has been localized to `en_US`.\nDEBUG    faker.factory:factory.py:76 Looking for locale `en_US` in provider `faker.providers.credit_card`.\nDEBUG    faker.factory:factory.py:95 Provider `faker.providers.credit_card` has been localized to `en_US`.\nDEBUG    faker.factory:factory.py:76 Looking for locale `en_US` in provider `faker.providers.currency`.\nDEBUG    faker.factory:factory.py:95 Provider `faker.providers.currency` has been localized to `en_US`.\nDEBUG    faker.factory:factory.py:76 Looking for locale `en_US` in provider `faker.providers.date_time`.\nDEBUG    faker.factory:factory.py:95 Provider `faker.providers.date_time` has been localized to `en_US`.\nDEBUG    faker.factory:factory.py:106 Provider `faker.providers.emoji` does not feature localization. Specified locale `en_US` is not utilized for this provider.\nDEBUG    faker.factory:factory.py:106 Provider `faker.providers.file` does not feature localization. Specified locale `en_US` is not utilized for this provider.\nDEBUG    faker.factory:factory.py:76 Looking for locale `en_US` in provider `faker.providers.geo`.\nDEBUG    faker.factory:factory.py:95 Provider `faker.providers.geo` has been localized to `en_US`.\nDEBUG    faker.factory:factory.py:76 Looking for locale `en_US` in provider `faker.providers.internet`.\nDEBUG    faker.factory:factory.py:95 Provider `faker.providers.internet` has been localized to `en_US`.\nDEBUG    faker.factory:factory.py:106 Provider `faker.providers.isbn` does not feature localization. Specified locale `en_US` is not utilized for this provider.\nDEBUG    faker.factory:factory.py:76 Looking for locale `en_US` in provider `faker.providers.job`.\nDEBUG    faker.factory:factory.py:95 Provider `faker.providers.job` has been localized to `en_US`.\nDEBUG    faker.factory:factory.py:76 Looking for locale `en_US` in provider `faker.providers.lorem`.\nDEBUG    faker.factory:factory.py:95 Provider `faker.providers.lorem` has been localized to `en_US`.\nDEBUG    faker.factory:factory.py:76 Looking for locale `en_US` in provider `faker.providers.misc`.\nDEBUG    faker.factory:factory.py:95 Provider `faker.providers.misc` has been localized to `en_US`.\nDEBUG    faker.factory:factory.py:76 Looking for locale `en_US` in provider `faker.providers.passport`.\nDEBUG    faker.factory:factory.py:95 Provider `faker.providers.passport` has been localized to `en_US`.\nDEBUG    faker.factory:factory.py:76 Looking for locale `en_US` in provider `faker.providers.person`.\nDEBUG    faker.factory:factory.py:95 Provider `faker.providers.person` has been localized to `en_US`.\nDEBUG    faker.factory:factory.py:76 Looking for locale `en_US` in provider `faker.providers.phone_number`.\nDEBUG    faker.factory:factory.py:95 Provider `faker.providers.phone_number` has been localized to `en_US`.\nDEBUG    faker.factory:factory.py:106 Provider `faker.providers.profile` does not feature localization. Specified locale `en_US` is not utilized for this provider.\nDEBUG    faker.factory:factory.py:106 Provider `faker.providers.python` does not feature localization. Specified locale `en_US` is not utilized for this provider.\nDEBUG    faker.factory:factory.py:106 Provider `faker.providers.sbn` does not feature localization. Specified locale `en_US` is not utilized for this provider.\nDEBUG    faker.factory:factory.py:76 Looking for locale `en_US` in provider `faker.providers.ssn`.\nDEBUG    faker.factory:factory.py:95 Provider `faker.providers.ssn` has been localized to `en_US`.\nDEBUG    faker.factory:factory.py:106 Provider `faker.providers.user_agent` does not feature localization. Specified locale `en_US` is not utilized for this provider.\nINFO     TestDemoBlazeE2E_edge:test_demoblaze_e2e.py:1142 ==================================================\nINFO     TestDemoBlazeE2E_edge:test_demoblaze_e2e.py:1143 Starting new test on EDGE\nDEBUG    selenium.webdriver.common.service:service.py:215 Started executable: `/usr/local/bin/msedgedriver` in a child process with pid: 3490\nDEBUG    selenium.webdriver.remote.remote_connection:remote_connection.py:313 POST http://localhost:47951/session {&amp;quot;capabilities&amp;quot;: {&amp;quot;firstMatch&amp;quot;: [{}], &amp;quot;alwaysMatch&amp;quot;: {&amp;quot;browserName&amp;quot;: &amp;quot;MicrosoftEdge&amp;quot;, &amp;quot;pageLoadStrategy&amp;quot;: &amp;quot;normal&amp;quot;, &amp;quot;ms:edgeOptions&amp;quot;: {&amp;quot;prefs&amp;quot;: {&amp;quot;download.default_directory&amp;quot;: &amp;quot;/home/runner/work/selenium-demoblaze-operations/selenium-demoblaze-operations/downloads&amp;quot;, &amp;quot;download.prompt_for_download&amp;quot;: false, &amp;quot;download.directory_upgrade&amp;quot;: true, &amp;quot;safebrowsing.enabled&amp;quot;: false, &amp;quot;profile.default_content_settings.popups&amp;quot;: 0, &amp;quot;profile.default_content_setting_values.notifications&amp;quot;: 2}, &amp;quot;excludeSwitches&amp;quot;: [&amp;quot;enable-logging&amp;quot;, &amp;quot;enable-automation&amp;quot;], &amp;quot;useAutomationExtension&amp;quot;: false, &amp;quot;extensions&amp;quot;: [], &amp;quot;args&amp;quot;: [&amp;quot;--headless=new&amp;quot;, &amp;quot;--window-size=1920,1080&amp;quot;, &amp;quot;--start-maximized&amp;quot;, &amp;quot;--disable-gpu&amp;quot;, &amp;quot;--no-sandbox&amp;quot;, &amp;quot;--disable-dev-shm-usage&amp;quot;, &amp;quot;--disable-software-rasterizer&amp;quot;, &amp;quot;--disable-blink-features=AutomationControlled&amp;quot;, &amp;quot;--single-process&amp;quot;, &amp;quot;--disable-features=VizDisplayCompositor&amp;quot;, &amp;quot;--disable-setuid-sandbox&amp;quot;, &amp;quot;--disable-extensions&amp;quot;, &amp;quot;--disable-popup-blocking&amp;quot;, &amp;quot;--ignore-certificate-errors&amp;quot;]}}}}\nDEBUG    urllib3.connectionpool:connectionpool.py:244 Starting new HTTP connection (1): localhost:47951\nDEBUG    urllib3.connectionpool:connectionpool.py:546 http://localhost:47951 &amp;quot;POST /session HTTP/1.1&amp;quot; 500 0\nDEBUG    selenium.webdriver.remote.remote_connection:remote_connection.py:329 Remote response: status=500 | data={&amp;quot;value&amp;quot;:{&amp;quot;error&amp;quot;:&amp;quot;session not created&amp;quot;,&amp;quot;message&amp;quot;:&amp;quot;session not created: No matching capabilities found&amp;quot;,&amp;quot;stacktrace&amp;quot;:&amp;quot;#0 0x561678c31fba \\u003Cunknown&amp;gt;\\n#1 0x5616786b66d0 \\u003Cunknown&amp;gt;\\n#2 0x56167873ae12 \\u003Cunknown&amp;gt;\\n#3 0x561678739f9e \\u003Cunknown&amp;gt;\\n#4 0x56167873bb72 \\u003Cunknown&amp;gt;\\n#5 0x56167873b946 \\u003Cunknown&amp;gt;\\n#6 0x56167872dc03 \\u003Cunknown&amp;gt;\\n#7 0x5616786fa7a8 \\u003Cunknown&amp;gt;\\n#8 0x5616786fb421 \\u003Cunknown&amp;gt;\\n#9 0x561678bf6b28 \\u003Cunknown&amp;gt;\\n#10 0x561678bfa87f \\u003Cunknown&amp;gt;\\n#11 0x561678bdec49 \\u003Cunknown&amp;gt;\\n#12 0x561678bfb405 \\u003Cunknown&amp;gt;\\n#13 0x561678bc44ff \\u003Cunknown&amp;gt;\\n#14 0x561678c1f258 \\u003Cunknown&amp;gt;\\n#15 0x561678c1f432 \\u003Cunknown&amp;gt;\\n#16 0x561678c30fa3 \\u003Cunknown&amp;gt;\\n#17 0x7f88b049caa4 \\u003Cunknown&amp;gt;\\n#18 0x7f88b0529c6c \\u003Cunknown&amp;gt;\\n&amp;quot;}} | headers=HTTPHeaderDict({&amp;#x27;Content-Length&amp;#x27;: &amp;#x27;776&amp;#x27;, &amp;#x27;Content-Type&amp;#x27;: &amp;#x27;application/json; charset=utf-8&amp;#x27;, &amp;#x27;cache-control&amp;#x27;: &amp;#x27;no-cache&amp;#x27;})\nDEBUG    selenium.webdriver.remote.remote_connection:remote_connection.py:356 Finished Request\nDEBUG    selenium.webdriver.common.selenium_manager:selenium_manager.py:63 Selenium Manager binary found at: /opt/hostedtoolcache/Python/3.9.23/x64/lib/python3.9/site-packages/selenium/webdriver/common/linux/selenium-manager\nDEBUG    selenium.webdriver.common.selenium_manager:selenium_manager.py:120 Executing process: /opt/hostedtoolcache/Python/3.9.23/x64/lib/python3.9/site-packages/selenium/webdriver/common/linux/selenium-manager --browser MicrosoftEdge --debug --output json\nDEBUG    selenium.webdriver.common.selenium_manager:selenium_manager.py:137 Found msedgedriver 140.0.7339.207 in PATH: /usr/local/bin/msedgedriver\nDEBUG    selenium.webdriver.common.selenium_manager:selenium_manager.py:137 MicrosoftEdge detected at /usr/bin/microsoft-edge\nDEBUG    selenium.webdriver.common.selenium_manager:selenium_manager.py:137 Running command: /usr/bin/microsoft-edge --version\nDEBUG    selenium.webdriver.common.selenium_manager:selenium_manager.py:137 Output: &amp;quot;Microsoft Edge 141.0.3537.99 &amp;quot;\nDEBUG    selenium.webdriver.common.selenium_manager:selenium_manager.py:137 Detected browser: MicrosoftEdge 141.0.3537.99\nDEBUG    selenium.webdriver.common.selenium_manager:selenium_manager.py:137 Reading msedgedriver version from https://msedgedriver.azureedge.net/LATEST_RELEASE_141_LINUX\nWARNING  selenium.webdriver.common.selenium_manager:selenium_manager.py:135 Exception managing MicrosoftEdge: error sending request for url (https://msedgedriver.azureedge.net/LATEST_RELEASE_141_LINUX): error trying to connect: dns error: failed to lookup address information: Name does not resolve\nWARNING  selenium.webdriver.common.selenium_manager:selenium_manager.py:135 The msedgedriver version (140.0.7339.207) detected in PATH at /usr/local/bin/msedgedriver might not be compatible with the detected MicrosoftEdge version (141.0.3537.99); currently, msedgedriver  is recommended for MicrosoftEdge 141.*, so it is advised to delete the driver in PATH and retry\nDEBUG    selenium.webdriver.common.selenium_manager:selenium_manager.py:137 Driver path: /usr/local/bin/msedgedriver\nDEBUG    selenium.webdriver.common.selenium_manager:selenium_manager.py:137 Browser path: /usr/bin/microsoft-edge\nDEBUG    selenium.webdriver.common.selenium_manager:selenium_manager.py:98 Using driver at: /usr/local/bin/msedgedriver\nDEBUG    selenium.webdriver.common.service:service.py:215 Started executable: `/usr/local/bin/msedgedriver` in a child process with pid: 3600\nDEBUG    selenium.webdriver.remote.remote_connection:remote_connection.py:313 POST http://localhost:55775/session {&amp;quot;capabilities&amp;quot;: {&amp;quot;firstMatch&amp;quot;: [{}], &amp;quot;alwaysMatch&amp;quot;: {&amp;quot;browserName&amp;quot;: &amp;quot;MicrosoftEdge&amp;quot;, &amp;quot;pageLoadStrategy&amp;quot;: &amp;quot;normal&amp;quot;, &amp;quot;browserVersion&amp;quot;: null, &amp;quot;ms:edgeOptions&amp;quot;: {&amp;quot;prefs&amp;quot;: {&amp;quot;download.default_directory&amp;quot;: &amp;quot;/home/runner/work/selenium-demoblaze-operations/selenium-demoblaze-operations/downloads&amp;quot;, &amp;quot;download.prompt_for_download&amp;quot;: false, &amp;quot;download.directory_upgrade&amp;quot;: true, &amp;quot;safebrowsing.enabled&amp;quot;: false, &amp;quot;profile.default_content_settings.popups&amp;quot;: 0, &amp;quot;profile.default_content_setting_values.notifications&amp;quot;: 2}, &amp;quot;excludeSwitches&amp;quot;: [&amp;quot;enable-logging&amp;quot;, &amp;quot;enable-automation&amp;quot;], &amp;quot;useAutomationExtension&amp;quot;: false, &amp;quot;extensions&amp;quot;: [], &amp;quot;binary&amp;quot;: &amp;quot;/usr/bin/microsoft-edge&amp;quot;, &amp;quot;args&amp;quot;: [&amp;quot;--headless=new&amp;quot;, &amp;quot;--window-size=1920,1080&amp;quot;, &amp;quot;--start-maximized&amp;quot;, &amp;quot;--disable-gpu&amp;quot;, &amp;quot;--no-sandbox&amp;quot;, &amp;quot;--disable-dev-shm-usage&amp;quot;, &amp;quot;--disable-software-rasterizer&amp;quot;, &amp;quot;--disable-blink-features=AutomationControlled&amp;quot;, &amp;quot;--single-process&amp;quot;, &amp;quot;--disable-features=VizDisplayCompositor&amp;quot;, &amp;quot;--disable-setuid-sandbox&amp;quot;, &amp;quot;--disable-extensions&amp;quot;, &amp;quot;--disable-popup-blocking&amp;quot;, &amp;quot;--ignore-certificate-errors&amp;quot;]}}}}\nDEBUG    urllib3.connectionpool:connectionpool.py:244 Starting new HTTP connection (1): localhost:55775\nDEBUG    urllib3.connectionpool:connectionpool.py:546 http://localhost:55775 &amp;quot;POST /session HTTP/1.1&amp;quot; 500 0\nDEBUG    selenium.webdriver.remote.remote_connection:remote_connection.py:329 Remote response: status=500 | data={&amp;quot;value&amp;quot;:{&amp;quot;error&amp;quot;:&amp;quot;session not created&amp;quot;,&amp;quot;message&amp;quot;:&amp;quot;session not created: No matching capabilities found&amp;quot;,&amp;quot;stacktrace&amp;quot;:&amp;quot;#0 0x55da4371ffba \\u003Cunknown&amp;gt;\\n#1 0x55da431a46d0 \\u003Cunknown&amp;gt;\\n#2 0x55da43228e12 \\u003Cunknown&amp;gt;\\n#3 0x55da43227f9e \\u003Cunknown&amp;gt;\\n#4 0x55da43229b72 \\u003Cunknown&amp;gt;\\n#5 0x55da43229946 \\u003Cunknown&amp;gt;\\n#6 0x55da4321bc03 \\u003Cunknown&amp;gt;\\n#7 0x55da431e87a8 \\u003Cunknown&amp;gt;\\n#8 0x55da431e9421 \\u003Cunknown&amp;gt;\\n#9 0x55da436e4b28 \\u003Cunknown&amp;gt;\\n#10 0x55da436e887f \\u003Cunknown&amp;gt;\\n#11 0x55da436ccc49 \\u003Cunknown&amp;gt;\\n#12 0x55da436e9405 \\u003Cunknown&amp;gt;\\n#13 0x55da436b24ff \\u003Cunknown&amp;gt;\\n#14 0x55da4370d258 \\u003Cunknown&amp;gt;\\n#15 0x55da4370d432 \\u003Cunknown&amp;gt;\\n#16 0x55da4371efa3 \\u003Cunknown&amp;gt;\\n#17 0x7f858ac9caa4 \\u003Cunknown&amp;gt;\\n#18 0x7f858ad29c6c \\u003Cunknown&amp;gt;\\n&amp;quot;}} | headers=HTTPHeaderDict({&amp;#x27;Content-Length&amp;#x27;: &amp;#x27;776&amp;#x27;, &amp;#x27;Content-Type&amp;#x27;: &amp;#x27;application/json; charset=utf-8&amp;#x27;, &amp;#x27;cache-control&amp;#x27;: &amp;#x27;no-cache&amp;#x27;})\nDEBUG    selenium.webdriver.remote.remote_connection:remote_connection.py:356 Finished Request\n&#34;}]}, &#34;renderCollapsed&#34;: [&#34;passed&#34;], &#34;initialSort&#34;: &#34;result&#34;, &#34;title&#34;: &#34;test-report-edge.html&#34;}"></div>
    <script>
      (function(){function r(e,n,t){function o(i,f){if(!n[i]){if(!e[i]){var c="function"==typeof require&&require;if(!f&&c)return c(i,!0);if(u)return u(i,!0);var a=new Error("Cannot find module '"+i+"'");throw a.code="MODULE_NOT_FOUND",a}var p=n[i]={exports:{}};e[i][0].call(p.exports,function(r){var n=e[i][1][r];return o(n||r)},p,p.exports,r,e,n,t)}return n[i].exports}for(var u="function"==typeof require&&require,i=0;i<t.length;i++)o(t[i]);return o}return r})()({1:[function(require,module,exports){
const { getCollapsedCategory, setCollapsedIds } = require('./storage.js')

class DataManager {
    setManager(data) {
        const collapsedCategories = [...getCollapsedCategory(data.renderCollapsed)]
        const collapsedIds = []
        const tests = Object.values(data.tests).flat().map((test, index) => {
            const collapsed = collapsedCategories.includes(test.result.toLowerCase())
            const id = `test_${index}`
            if (collapsed) {
                collapsedIds.push(id)
            }
            return {
                ...test,
                id,
                collapsed,
            }
        })
        const dataBlob = { ...data, tests }
        this.data = { ...dataBlob }
        this.renderData = { ...dataBlob }
        setCollapsedIds(collapsedIds)
    }

    get allData() {
        return { ...this.data }
    }

    resetRender() {
        this.renderData = { ...this.data }
    }

    setRender(data) {
        this.renderData.tests = [...data]
    }

    toggleCollapsedItem(id) {
        this.renderData.tests = this.renderData.tests.map((test) =>
            test.id === id ? { ...test, collapsed: !test.collapsed } : test,
        )
    }

    set allCollapsed(collapsed) {
        this.renderData = { ...this.renderData, tests: [...this.renderData.tests.map((test) => (
            { ...test, collapsed }
        ))] }
    }

    get testSubset() {
        return [...this.renderData.tests]
    }

    get environment() {
        return this.renderData.environment
    }

    get initialSort() {
        return this.data.initialSort
    }
}

module.exports = {
    manager: new DataManager(),
}

},{"./storage.js":8}],2:[function(require,module,exports){
const mediaViewer = require('./mediaviewer.js')
const templateEnvRow = document.getElementById('template_environment_row')
const templateResult = document.getElementById('template_results-table__tbody')

function htmlToElements(html) {
    const temp = document.createElement('template')
    temp.innerHTML = html
    return temp.content.childNodes
}

const find = (selector, elem) => {
    if (!elem) {
        elem = document
    }
    return elem.querySelector(selector)
}

const findAll = (selector, elem) => {
    if (!elem) {
        elem = document
    }
    return [...elem.querySelectorAll(selector)]
}

const dom = {
    getStaticRow: (key, value) => {
        const envRow = templateEnvRow.content.cloneNode(true)
        const isObj = typeof value === 'object' && value !== null
        const values = isObj ? Object.keys(value).map((k) => `${k}: ${value[k]}`) : null

        const valuesElement = htmlToElements(
            values ? `<ul>${values.map((val) => `<li>${val}</li>`).join('')}<ul>` : `<div>${value}</div>`)[0]
        const td = findAll('td', envRow)
        td[0].textContent = key
        td[1].appendChild(valuesElement)

        return envRow
    },
    getResultTBody: ({ testId, id, log, extras, resultsTableRow, tableHtml, result, collapsed }) => {
        const resultBody = templateResult.content.cloneNode(true)
        resultBody.querySelector('tbody').classList.add(result.toLowerCase())
        resultBody.querySelector('tbody').id = testId
        resultBody.querySelector('.collapsible').dataset.id = id

        resultsTableRow.forEach((html) => {
            const t = document.createElement('template')
            t.innerHTML = html
            resultBody.querySelector('.collapsible').appendChild(t.content)
        })

        if (log) {
            // Wrap lines starting with "E" with span.error to color those lines red
            const wrappedLog = log.replace(/^E.*$/gm, (match) => `<span class="error">${match}</span>`)
            resultBody.querySelector('.log').innerHTML = wrappedLog
        } else {
            resultBody.querySelector('.log').remove()
        }

        if (collapsed) {
            resultBody.querySelector('.collapsible > td')?.classList.add('collapsed')
            resultBody.querySelector('.extras-row').classList.add('hidden')
        } else {
            resultBody.querySelector('.collapsible > td')?.classList.remove('collapsed')
        }

        const media = []
        extras?.forEach(({ name, format_type, content }) => {
            if (['image', 'video'].includes(format_type)) {
                media.push({ path: content, name, format_type })
            }

            if (format_type === 'html') {
                resultBody.querySelector('.extraHTML').insertAdjacentHTML('beforeend', `<div>${content}</div>`)
            }
        })
        mediaViewer.setup(resultBody, media)

        // Add custom html from the pytest_html_results_table_html hook
        tableHtml?.forEach((item) => {
            resultBody.querySelector('td[class="extra"]').insertAdjacentHTML('beforeend', item)
        })

        return resultBody
    },
}

module.exports = {
    dom,
    htmlToElements,
    find,
    findAll,
}

},{"./mediaviewer.js":6}],3:[function(require,module,exports){
const { manager } = require('./datamanager.js')
const { doSort } = require('./sort.js')
const storageModule = require('./storage.js')

const getFilteredSubSet = (filter) =>
    manager.allData.tests.filter(({ result }) => filter.includes(result.toLowerCase()))

const doInitFilter = () => {
    const currentFilter = storageModule.getVisible()
    const filteredSubset = getFilteredSubSet(currentFilter)
    manager.setRender(filteredSubset)
}

const doFilter = (type, show) => {
    if (show) {
        storageModule.showCategory(type)
    } else {
        storageModule.hideCategory(type)
    }

    const currentFilter = storageModule.getVisible()
    const filteredSubset = getFilteredSubSet(currentFilter)
    manager.setRender(filteredSubset)

    const sortColumn = storageModule.getSort()
    doSort(sortColumn, true)
}

module.exports = {
    doFilter,
    doInitFilter,
}

},{"./datamanager.js":1,"./sort.js":7,"./storage.js":8}],4:[function(require,module,exports){
const { redraw, bindEvents, renderStatic } = require('./main.js')
const { doInitFilter } = require('./filter.js')
const { doInitSort } = require('./sort.js')
const { manager } = require('./datamanager.js')
const data = JSON.parse(document.getElementById('data-container').dataset.jsonblob)

function init() {
    manager.setManager(data)
    doInitFilter()
    doInitSort()
    renderStatic()
    redraw()
    bindEvents()
}

init()

},{"./datamanager.js":1,"./filter.js":3,"./main.js":5,"./sort.js":7}],5:[function(require,module,exports){
const { dom, find, findAll } = require('./dom.js')
const { manager } = require('./datamanager.js')
const { doSort } = require('./sort.js')
const { doFilter } = require('./filter.js')
const {
    getVisible,
    getCollapsedIds,
    setCollapsedIds,
    getSort,
    getSortDirection,
    possibleFilters,
} = require('./storage.js')

const removeChildren = (node) => {
    while (node.firstChild) {
        node.removeChild(node.firstChild)
    }
}

const renderStatic = () => {
    const renderEnvironmentTable = () => {
        const environment = manager.environment
        const rows = Object.keys(environment).map((key) => dom.getStaticRow(key, environment[key]))
        const table = document.getElementById('environment')
        removeChildren(table)
        rows.forEach((row) => table.appendChild(row))
    }
    renderEnvironmentTable()
}

const addItemToggleListener = (elem) => {
    elem.addEventListener('click', ({ target }) => {
        const id = target.parentElement.dataset.id
        manager.toggleCollapsedItem(id)

        const collapsedIds = getCollapsedIds()
        if (collapsedIds.includes(id)) {
            const updated = collapsedIds.filter((item) => item !== id)
            setCollapsedIds(updated)
        } else {
            collapsedIds.push(id)
            setCollapsedIds(collapsedIds)
        }
        redraw()
    })
}

const renderContent = (tests) => {
    const sortAttr = getSort(manager.initialSort)
    const sortAsc = JSON.parse(getSortDirection())
    const rows = tests.map(dom.getResultTBody)
    const table = document.getElementById('results-table')
    const tableHeader = document.getElementById('results-table-head')

    const newTable = document.createElement('table')
    newTable.id = 'results-table'

    // remove all sorting classes and set the relevant
    findAll('.sortable', tableHeader).forEach((elem) => elem.classList.remove('asc', 'desc'))
    tableHeader.querySelector(`.sortable[data-column-type="${sortAttr}"]`)?.classList.add(sortAsc ? 'desc' : 'asc')
    newTable.appendChild(tableHeader)

    if (!rows.length) {
        const emptyTable = document.getElementById('template_results-table__body--empty').content.cloneNode(true)
        newTable.appendChild(emptyTable)
    } else {
        rows.forEach((row) => {
            if (!!row) {
                findAll('.collapsible td:not(.col-links', row).forEach(addItemToggleListener)
                find('.logexpander', row).addEventListener('click',
                    (evt) => evt.target.parentNode.classList.toggle('expanded'),
                )
                newTable.appendChild(row)
            }
        })
    }

    table.replaceWith(newTable)
}

const renderDerived = () => {
    const currentFilter = getVisible()
    possibleFilters.forEach((result) => {
        const input = document.querySelector(`input[data-test-result="${result}"]`)
        input.checked = currentFilter.includes(result)
    })
}

const bindEvents = () => {
    const filterColumn = (evt) => {
        const { target: element } = evt
        const { testResult } = element.dataset

        doFilter(testResult, element.checked)
        const collapsedIds = getCollapsedIds()
        const updated = manager.renderData.tests.map((test) => {
            return {
                ...test,
                collapsed: collapsedIds.includes(test.id),
            }
        })
        manager.setRender(updated)
        redraw()
    }

    const header = document.getElementById('environment-header')
    header.addEventListener('click', () => {
        const table = document.getElementById('environment')
        table.classList.toggle('hidden')
        header.classList.toggle('collapsed')
    })

    findAll('input[name="filter_checkbox"]').forEach((elem) => {
        elem.addEventListener('click', filterColumn)
    })

    findAll('.sortable').forEach((elem) => {
        elem.addEventListener('click', (evt) => {
            const { target: element } = evt
            const { columnType } = element.dataset
            doSort(columnType)
            redraw()
        })
    })

    document.getElementById('show_all_details').addEventListener('click', () => {
        manager.allCollapsed = false
        setCollapsedIds([])
        redraw()
    })
    document.getElementById('hide_all_details').addEventListener('click', () => {
        manager.allCollapsed = true
        const allIds = manager.renderData.tests.map((test) => test.id)
        setCollapsedIds(allIds)
        redraw()
    })
}

const redraw = () => {
    const { testSubset } = manager

    renderContent(testSubset)
    renderDerived()
}

module.exports = {
    redraw,
    bindEvents,
    renderStatic,
}

},{"./datamanager.js":1,"./dom.js":2,"./filter.js":3,"./sort.js":7,"./storage.js":8}],6:[function(require,module,exports){
class MediaViewer {
    constructor(assets) {
        this.assets = assets
        this.index = 0
    }

    nextActive() {
        this.index = this.index === this.assets.length - 1 ? 0 : this.index + 1
        return [this.activeFile, this.index]
    }

    prevActive() {
        this.index = this.index === 0 ? this.assets.length - 1 : this.index -1
        return [this.activeFile, this.index]
    }

    get currentIndex() {
        return this.index
    }

    get activeFile() {
        return this.assets[this.index]
    }
}


const setup = (resultBody, assets) => {
    if (!assets.length) {
        resultBody.querySelector('.media').classList.add('hidden')
        return
    }

    const mediaViewer = new MediaViewer(assets)
    const container = resultBody.querySelector('.media-container')
    const leftArrow = resultBody.querySelector('.media-container__nav--left')
    const rightArrow = resultBody.querySelector('.media-container__nav--right')
    const mediaName = resultBody.querySelector('.media__name')
    const counter = resultBody.querySelector('.media__counter')
    const imageEl = resultBody.querySelector('img')
    const sourceEl = resultBody.querySelector('source')
    const videoEl = resultBody.querySelector('video')

    const setImg = (media, index) => {
        if (media?.format_type === 'image') {
            imageEl.src = media.path

            imageEl.classList.remove('hidden')
            videoEl.classList.add('hidden')
        } else if (media?.format_type === 'video') {
            sourceEl.src = media.path

            videoEl.classList.remove('hidden')
            imageEl.classList.add('hidden')
        }

        mediaName.innerText = media?.name
        counter.innerText = `${index + 1} / ${assets.length}`
    }
    setImg(mediaViewer.activeFile, mediaViewer.currentIndex)

    const moveLeft = () => {
        const [media, index] = mediaViewer.prevActive()
        setImg(media, index)
    }
    const doRight = () => {
        const [media, index] = mediaViewer.nextActive()
        setImg(media, index)
    }
    const openImg = () => {
        window.open(mediaViewer.activeFile.path, '_blank')
    }
    if (assets.length === 1) {
        container.classList.add('media-container--fullscreen')
    } else {
        leftArrow.addEventListener('click', moveLeft)
        rightArrow.addEventListener('click', doRight)
    }
    imageEl.addEventListener('click', openImg)
}

module.exports = {
    setup,
}

},{}],7:[function(require,module,exports){
const { manager } = require('./datamanager.js')
const storageModule = require('./storage.js')

const genericSort = (list, key, ascending, customOrder) => {
    let sorted
    if (customOrder) {
        sorted = list.sort((a, b) => {
            const aValue = a.result.toLowerCase()
            const bValue = b.result.toLowerCase()

            const aIndex = customOrder.findIndex((item) => item.toLowerCase() === aValue)
            const bIndex = customOrder.findIndex((item) => item.toLowerCase() === bValue)

            // Compare the indices to determine the sort order
            return aIndex - bIndex
        })
    } else {
        sorted = list.sort((a, b) => a[key] === b[key] ? 0 : a[key] > b[key] ? 1 : -1)
    }

    if (ascending) {
        sorted.reverse()
    }
    return sorted
}

const durationSort = (list, ascending) => {
    const parseDuration = (duration) => {
        if (duration.includes(':')) {
            // If it's in the format "HH:mm:ss"
            const [hours, minutes, seconds] = duration.split(':').map(Number)
            return (hours * 3600 + minutes * 60 + seconds) * 1000
        } else {
            // If it's in the format "nnn ms"
            return parseInt(duration)
        }
    }
    const sorted = list.sort((a, b) => parseDuration(a['duration']) - parseDuration(b['duration']))
    if (ascending) {
        sorted.reverse()
    }
    return sorted
}

const doInitSort = () => {
    const type = storageModule.getSort(manager.initialSort)
    const ascending = storageModule.getSortDirection()
    const list = manager.testSubset
    const initialOrder = ['Error', 'Failed', 'Rerun', 'XFailed', 'XPassed', 'Skipped', 'Passed']

    storageModule.setSort(type)
    storageModule.setSortDirection(ascending)

    if (type?.toLowerCase() === 'original') {
        manager.setRender(list)
    } else {
        let sortedList
        switch (type) {
        case 'duration':
            sortedList = durationSort(list, ascending)
            break
        case 'result':
            sortedList = genericSort(list, type, ascending, initialOrder)
            break
        default:
            sortedList = genericSort(list, type, ascending)
            break
        }
        manager.setRender(sortedList)
    }
}

const doSort = (type, skipDirection) => {
    const newSortType = storageModule.getSort(manager.initialSort) !== type
    const currentAsc = storageModule.getSortDirection()
    let ascending
    if (skipDirection) {
        ascending = currentAsc
    } else {
        ascending = newSortType ? false : !currentAsc
    }
    storageModule.setSort(type)
    storageModule.setSortDirection(ascending)

    const list = manager.testSubset
    const sortedList = type === 'duration' ? durationSort(list, ascending) : genericSort(list, type, ascending)
    manager.setRender(sortedList)
}

module.exports = {
    doInitSort,
    doSort,
}

},{"./datamanager.js":1,"./storage.js":8}],8:[function(require,module,exports){
const possibleFilters = [
    'passed',
    'skipped',
    'failed',
    'error',
    'xfailed',
    'xpassed',
    'rerun',
]

const getVisible = () => {
    const url = new URL(window.location.href)
    const settings = new URLSearchParams(url.search).get('visible')
    const lower = (item) => {
        const lowerItem = item.toLowerCase()
        if (possibleFilters.includes(lowerItem)) {
            return lowerItem
        }
        return null
    }
    return settings === null ?
        possibleFilters :
        [...new Set(settings?.split(',').map(lower).filter((item) => item))]
}

const hideCategory = (categoryToHide) => {
    const url = new URL(window.location.href)
    const visibleParams = new URLSearchParams(url.search).get('visible')
    const currentVisible = visibleParams ? visibleParams.split(',') : [...possibleFilters]
    const settings = [...new Set(currentVisible)].filter((f) => f !== categoryToHide).join(',')

    url.searchParams.set('visible', settings)
    window.history.pushState({}, null, unescape(url.href))
}

const showCategory = (categoryToShow) => {
    if (typeof window === 'undefined') {
        return
    }
    const url = new URL(window.location.href)
    const currentVisible = new URLSearchParams(url.search).get('visible')?.split(',').filter(Boolean) ||
        [...possibleFilters]
    const settings = [...new Set([categoryToShow, ...currentVisible])]
    const noFilter = possibleFilters.length === settings.length || !settings.length

    noFilter ? url.searchParams.delete('visible') : url.searchParams.set('visible', settings.join(','))
    window.history.pushState({}, null, unescape(url.href))
}

const getSort = (initialSort) => {
    const url = new URL(window.location.href)
    let sort = new URLSearchParams(url.search).get('sort')
    if (!sort) {
        sort = initialSort || 'result'
    }
    return sort
}

const setSort = (type) => {
    const url = new URL(window.location.href)
    url.searchParams.set('sort', type)
    window.history.pushState({}, null, unescape(url.href))
}

const getCollapsedCategory = (renderCollapsed) => {
    let categories
    if (typeof window !== 'undefined') {
        const url = new URL(window.location.href)
        const collapsedItems = new URLSearchParams(url.search).get('collapsed')
        switch (true) {
        case !renderCollapsed && collapsedItems === null:
            categories = ['passed']
            break
        case collapsedItems?.length === 0 || /^["']{2}$/.test(collapsedItems):
            categories = []
            break
        case /^all$/.test(collapsedItems) || collapsedItems === null && /^all$/.test(renderCollapsed):
            categories = [...possibleFilters]
            break
        default:
            categories = collapsedItems?.split(',').map((item) => item.toLowerCase()) || renderCollapsed
            break
        }
    } else {
        categories = []
    }
    return categories
}

const getSortDirection = () => JSON.parse(sessionStorage.getItem('sortAsc')) || false
const setSortDirection = (ascending) => sessionStorage.setItem('sortAsc', ascending)

const getCollapsedIds = () => JSON.parse(sessionStorage.getItem('collapsedIds')) || []
const setCollapsedIds = (list) => sessionStorage.setItem('collapsedIds', JSON.stringify(list))

module.exports = {
    getVisible,
    hideCategory,
    showCategory,
    getCollapsedIds,
    setCollapsedIds,
    getSort,
    setSort,
    getSortDirection,
    setSortDirection,
    getCollapsedCategory,
    possibleFilters,
}

},{}]},{},[4]);
    </script>
  </footer>
</html>